#
# There is insufficient memory for the Java Runtime Environment to continue.
# Native memory allocation (mmap) failed to map 32505856 bytes for Failed to commit area from 0x000000008be00000 to 0x000000008dd00000 of length 32505856.
# Possible reasons:
#   The system is out of physical RAM or swap space
#   The process is running with CompressedOops enabled, and the Java Heap may be blocking the growth of the native heap
# Possible solutions:
#   Reduce memory load on the system
#   Increase physical memory or swap space
#   Check if swap backing store is full
#   Decrease Java heap size (-Xmx/-Xms)
#   Decrease number of Java threads
#   Decrease Java thread stack sizes (-Xss)
#   Set larger code cache with -XX:ReservedCodeCacheSize=
#   JVM is running with Unscaled Compressed Oops mode in which the Java heap is
#     placed in the first 4GB address space. The Java Heap base address is the
#     maximum limit for the native heap growth. Please use -XX:HeapBaseMinAddress
#     to set the Java Heap base and to place the Java Heap above 4GB virtual address.
# This output file may be truncated or incomplete.
#
#  Out of Memory Error (c:/BuildAgent/work/5ff2f6c26000d570/src/hotspot/os/windows/os_windows.cpp:3281), pid=5240, tid=15192
#
# JRE version: OpenJDK Runtime Environment (11.0.4+10) (build 11.0.4+10-b520.11)
# Java VM: OpenJDK 64-Bit Server VM (11.0.4+10-b520.11, mixed mode, sharing, tiered, compressed oops, g1 gc, windows-amd64)
# No core dump will be written. Minidumps are not enabled by default on client versions of Windows
#

---------------  S U M M A R Y ------------

Command Line: -XX:TieredStopAtLevel=1 -Xverify:none -Dspring.output.ansi.enabled=always -Dcom.sun.management.jmxremote -Dspring.jmx.enabled=true -Dspring.liveBeansView.mbeanDomain -Dspring.application.admin.enabled=true -javaagent:C:\Program Files\JetBrains\IntelliJ IDEA 2019.3\lib\idea_rt.jar=53564:C:\Program Files\JetBrains\IntelliJ IDEA 2019.3\bin -Dfile.encoding=UTF-8 edu.agh.iet.BSc_Thesis.SecureCommunicatorApplicationKt

Host: Intel(R) Core(TM) i5-8265U CPU @ 1.60GHz, 8 cores, 7G,  Windows 10 , 64 bit Build 18362 (10.0.18362.1110)
Time: Fri Nov 27 02:13:46 2020 ?rodkowoeuropejski czas stand. elapsed time: 5 seconds (0d 0h 0m 5s)

---------------  T H R E A D  ---------------

Current thread (0x000002aa7fac2000):  VMThread "VM Thread" [stack: 0x000000e71fe00000,0x000000e71ff00000] [id=15192]

Stack: [0x000000e71fe00000,0x000000e71ff00000]
[error occurred during error reporting (printing stack bounds), id 0xc0000005, EXCEPTION_ACCESS_VIOLATION (0xc0000005) at pc=0x000002aa6e9d0bad]

Native frames: (J=compiled Java code, j=interpreted, Vv=VM code, C=native code)
V  [jvm.dll+0x5db21a]
V  [jvm.dll+0x70c4f5]
V  [jvm.dll+0x70da18]
V  [jvm.dll+0x70e045]
V  [jvm.dll+0x70dffb]
V  [jvm.dll+0x5da9a8]
V  [jvm.dll+0x5dae08]
C  [ntdll.dll+0xa184f]
C  [ntdll.dll+0x6a889]
C  [ntdll.dll+0xa04be]
C  0x000002aa6e9d0bad

VM_Operation (0x000000e71f8fc560): G1CollectForAllocation, mode: safepoint, requested by thread 0x000002aa6aae7800


---------------  P R O C E S S  ---------------

Threads class SMR info:
_java_thread_list=0x000002aa07a03510, length=19, elements={
0x000002aa6aae7800, 0x000002aa7fac9800, 0x000002aa7face000, 0x000002aa7fae5800,
0x000002aa7fae8800, 0x000002aa7faea800, 0x000002aa7faf3800, 0x000002aa7faa9000,
0x000002aa06add000, 0x000002aa06add800, 0x000002aa06d54000, 0x000002aa079bc800,
0x000002aa07a16800, 0x000002aa08156000, 0x000002aa08492800, 0x000002aa0838f800,
0x000002aa08390000, 0x000002aa0839c000, 0x000002aa09e41800
}

Java Threads: ( => current thread )
  0x000002aa6aae7800 JavaThread "main" [_thread_blocked, id=19004, stack(0x000000e71f800000,0x000000e71f900000)]
  0x000002aa7fac9800 JavaThread "Reference Handler" daemon [_thread_blocked, id=15172, stack(0x000000e71ff00000,0x000000e720000000)]
  0x000002aa7face000 JavaThread "Finalizer" daemon [_thread_blocked, id=15448, stack(0x000000e720000000,0x000000e720100000)]
  0x000002aa7fae5800 JavaThread "Signal Dispatcher" daemon [_thread_blocked, id=10748, stack(0x000000e720100000,0x000000e720200000)]
  0x000002aa7fae8800 JavaThread "Attach Listener" daemon [_thread_blocked, id=11568, stack(0x000000e720200000,0x000000e720300000)]
  0x000002aa7faea800 JavaThread "C1 CompilerThread0" daemon [_thread_blocked, id=7736, stack(0x000000e720300000,0x000000e720400000)]
  0x000002aa7faf3800 JavaThread "Sweeper thread" daemon [_thread_blocked, id=9972, stack(0x000000e720400000,0x000000e720500000)]
  0x000002aa7faa9000 JavaThread "Common-Cleaner" daemon [_thread_blocked, id=21348, stack(0x000000e720500000,0x000000e720600000)]
  0x000002aa06add000 JavaThread "Monitor Ctrl-Break" daemon [_thread_in_native, id=16276, stack(0x000000e720600000,0x000000e720700000)]
  0x000002aa06add800 JavaThread "Service Thread" daemon [_thread_blocked, id=5588, stack(0x000000e720700000,0x000000e720800000)]
  0x000002aa06d54000 JavaThread "RMI TCP Accept-0" daemon [_thread_in_native, id=18920, stack(0x000000e720800000,0x000000e720900000)]
  0x000002aa079bc800 JavaThread "RMI TCP Connection(1)-192.168.56.1" daemon [_thread_in_native, id=19032, stack(0x000000e720f00000,0x000000e721000000)]
  0x000002aa07a16800 JavaThread "RMI Scheduler(0)" daemon [_thread_blocked, id=15796, stack(0x000000e721000000,0x000000e721100000)]
  0x000002aa08156000 JavaThread "Catalina-utility-1" [_thread_blocked, id=12044, stack(0x000000e720d00000,0x000000e720e00000)]
  0x000002aa08492800 JavaThread "Catalina-utility-2" [_thread_blocked, id=21396, stack(0x000000e721200000,0x000000e721300000)]
  0x000002aa0838f800 JavaThread "container-0" [_thread_blocked, id=5804, stack(0x000000e721300000,0x000000e721400000)]
  0x000002aa08390000 JavaThread "mysql-cj-abandoned-connection-cleanup" daemon [_thread_blocked, id=10760, stack(0x000000e721400000,0x000000e721500000)]
  0x000002aa0839c000 JavaThread "HikariPool-1 housekeeper" daemon [_thread_blocked, id=2800, stack(0x000000e721900000,0x000000e721a00000)]
  0x000002aa09e41800 JavaThread "HikariPool-1 connection adder" daemon [_thread_blocked, id=22148, stack(0x000000e721b00000,0x000000e721c00000)]

Other Threads:
=>0x000002aa7fac2000 VMThread "VM Thread" [stack: 0x000000e71fe00000,0x000000e71ff00000] [id=15192]
  0x000002aa06d5f000 WatcherThread [stack: 0x000000e720900000,0x000000e720a00000] [id=15064]
  0x000002aa6aaff800 GCTaskThread "GC Thread#0" [stack: 0x000000e71f900000,0x000000e71fa00000] [id=7124]
  0x000002aa07086800 GCTaskThread "GC Thread#1" [stack: 0x000000e720a00000,0x000000e720b00000] [id=22296]
  0x000002aa0705b000 GCTaskThread "GC Thread#2" [stack: 0x000000e720b00000,0x000000e720c00000] [id=3420]
  0x000002aa071a7800 GCTaskThread "GC Thread#3" [stack: 0x000000e720e00000,0x000000e720f00000] [id=3272]
  0x000002aa083c9800 GCTaskThread "GC Thread#4" [stack: 0x000000e721500000,0x000000e721600000] [id=1740]
  0x000002aa083ca000 GCTaskThread "GC Thread#5" [stack: 0x000000e721600000,0x000000e721700000] [id=96]
  0x000002aa083cb000 GCTaskThread "GC Thread#6" [stack: 0x000000e721700000,0x000000e721800000] [id=16760]
  0x000002aa083cb800 GCTaskThread "GC Thread#7" [stack: 0x000000e721800000,0x000000e721900000] [id=22500]
  0x000002aa6ab2f000 ConcurrentGCThread "G1 Main Marker" [stack: 0x000000e71fa00000,0x000000e71fb00000] [id=1364]
  0x000002aa6ab30800 ConcurrentGCThread "G1 Conc#0" [stack: 0x000000e71fb00000,0x000000e71fc00000] [id=20104]
  0x000002aa07a78000 ConcurrentGCThread "G1 Conc#1" [stack: 0x000000e721100000,0x000000e721200000] [id=1508]
  0x000002aa6ab9e800 ConcurrentGCThread "G1 Refine#0" [stack: 0x000000e71fc00000,0x000000e71fd00000] [id=20916]
  0x000002aa06b55800 ConcurrentGCThread "G1 Refine#1" [stack: 0x000000e720c00000,0x000000e720d00000] [id=18556]
  0x000002aa7f959000 ConcurrentGCThread "G1 Young RemSet Sampling" [stack: 0x000000e71fd00000,0x000000e71fe00000] [id=22896]

Threads with active compile tasks:

VM state:at safepoint (normal execution)

VM Mutex/Monitor currently owned by a thread:  ([mutex/lock_event])
[0x000002aa6aae3690] Threads_lock - owner thread: 0x000002aa7fac2000
[0x000002aa6aae3450] Heap_lock - owner thread: 0x000002aa6aae7800

Heap address: 0x0000000082600000, size: 2010 MB, Compressed Oops mode: 32-bit
Narrow klass base: 0x0000000800000000, Narrow klass shift: 3
Compressed class space size: 1073741824 Address: 0x0000000840000000

Heap:
 garbage-first heap   total 187392K, used 28644K [0x0000000082600000, 0x0000000100000000)
  region size 1024K, 10 young (10240K), 10 survivors (10240K)
 Metaspace       used 55494K, capacity 57148K, committed 57340K, reserved 1097728K
  class space    used 7487K, capacity 8122K, committed 8188K, reserved 1048576K
Heap Regions: E=young(eden), S=young(survivor), O=old, HS=humongous(starts), HC=humongous(continues), CS=collection set, F=free, A=archive, TAMS=top-at-mark-start (previous, next)
|   0|0x0000000082600000, 0x0000000082700000, 0x0000000082700000|100%|HS|  |TAMS 0x0000000082700000, 0x0000000082600000| Complete 
|   1|0x0000000082700000, 0x0000000082800000, 0x0000000082800000|100%| O|  |TAMS 0x0000000082800000, 0x0000000082700000| Untracked 
|   2|0x0000000082800000, 0x0000000082900000, 0x0000000082900000|100%| O|  |TAMS 0x0000000082900000, 0x0000000082800000| Untracked 
|   3|0x0000000082900000, 0x0000000082a00000, 0x0000000082a00000|100%| O|  |TAMS 0x0000000082a00000, 0x0000000082900000| Untracked 
|   4|0x0000000082a00000, 0x0000000082b00000, 0x0000000082b00000|100%| O|  |TAMS 0x0000000082b00000, 0x0000000082a00000| Untracked 
|   5|0x0000000082b00000, 0x0000000082c00000, 0x0000000082c00000|100%| O|  |TAMS 0x0000000082c00000, 0x0000000082b00000| Untracked 
|   6|0x0000000082c00000, 0x0000000082d00000, 0x0000000082d00000|100%| O|  |TAMS 0x0000000082d00000, 0x0000000082c00000| Untracked 
|   7|0x0000000082d00000, 0x0000000082e00000, 0x0000000082e00000|100%| O|  |TAMS 0x0000000082e00000, 0x0000000082d00000| Untracked 
|   8|0x0000000082e00000, 0x0000000082f00000, 0x0000000082f00000|100%| O|  |TAMS 0x0000000082f00000, 0x0000000082e00000| Untracked 
|   9|0x0000000082f00000, 0x0000000083000000, 0x0000000083000000|100%| O|  |TAMS 0x0000000083000000, 0x0000000082f00000| Untracked 
|  10|0x0000000083000000, 0x0000000083100000, 0x0000000083100000|100%| O|  |TAMS 0x0000000083100000, 0x0000000083000000| Untracked 
|  11|0x0000000083100000, 0x0000000083200000, 0x0000000083200000|100%| O|  |TAMS 0x0000000083200000, 0x0000000083100000| Untracked 
|  12|0x0000000083200000, 0x0000000083300000, 0x0000000083300000|100%| O|  |TAMS 0x000000008322ca00, 0x0000000083200000| Untracked 
|  13|0x0000000083300000, 0x0000000083400000, 0x0000000083400000|100%| O|  |TAMS 0x0000000083300000, 0x0000000083300000| Untracked 
|  14|0x0000000083400000, 0x0000000083500000, 0x0000000083500000|100%| O|  |TAMS 0x0000000083400000, 0x0000000083400000| Untracked 
|  15|0x0000000083500000, 0x0000000083600000, 0x0000000083600000|100%| O|  |TAMS 0x0000000083500000, 0x0000000083500000| Untracked 
|  16|0x0000000083600000, 0x0000000083700000, 0x0000000083700000|100%| O|  |TAMS 0x0000000083600000, 0x0000000083600000| Untracked 
|  17|0x0000000083700000, 0x0000000083800000, 0x0000000083800000|100%| O|  |TAMS 0x0000000083700000, 0x0000000083700000| Untracked 
|  18|0x0000000083800000, 0x0000000083897c00, 0x0000000083900000| 59%| O|  |TAMS 0x0000000083800000, 0x0000000083800000| Untracked 
|  19|0x0000000083900000, 0x0000000083900000, 0x0000000083a00000|  0%| F|  |TAMS 0x0000000083900000, 0x0000000083900000| Untracked 
|  20|0x0000000083a00000, 0x0000000083a00000, 0x0000000083b00000|  0%| F|  |TAMS 0x0000000083a00000, 0x0000000083a00000| Untracked 
|  21|0x0000000083b00000, 0x0000000083b00000, 0x0000000083c00000|  0%| F|  |TAMS 0x0000000083b00000, 0x0000000083b00000| Untracked 
|  22|0x0000000083c00000, 0x0000000083c00000, 0x0000000083d00000|  0%| F|  |TAMS 0x0000000083c00000, 0x0000000083c00000| Untracked 
|  23|0x0000000083d00000, 0x0000000083d00000, 0x0000000083e00000|  0%| F|  |TAMS 0x0000000083d00000, 0x0000000083d00000| Untracked 
|  24|0x0000000083e00000, 0x0000000083e00000, 0x0000000083f00000|  0%| F|  |TAMS 0x0000000083e00000, 0x0000000083e00000| Untracked 
|  25|0x0000000083f00000, 0x0000000083f00000, 0x0000000084000000|  0%| F|  |TAMS 0x0000000083f00000, 0x0000000083f00000| Untracked 
|  26|0x0000000084000000, 0x0000000084000000, 0x0000000084100000|  0%| F|  |TAMS 0x0000000084000000, 0x0000000084000000| Untracked 
|  27|0x0000000084100000, 0x0000000084100000, 0x0000000084200000|  0%| F|  |TAMS 0x0000000084100000, 0x0000000084100000| Untracked 
|  28|0x0000000084200000, 0x0000000084200000, 0x0000000084300000|  0%| F|  |TAMS 0x0000000084200000, 0x0000000084200000| Untracked 
|  29|0x0000000084300000, 0x0000000084300000, 0x0000000084400000|  0%| F|  |TAMS 0x0000000084300000, 0x0000000084300000| Untracked 
|  30|0x0000000084400000, 0x0000000084400000, 0x0000000084500000|  0%| F|  |TAMS 0x0000000084400000, 0x0000000084400000| Untracked 
|  31|0x0000000084500000, 0x0000000084500000, 0x0000000084600000|  0%| F|  |TAMS 0x0000000084500000, 0x0000000084500000| Untracked 
|  32|0x0000000084600000, 0x0000000084600000, 0x0000000084700000|  0%| F|  |TAMS 0x0000000084600000, 0x0000000084600000| Untracked 
|  33|0x0000000084700000, 0x0000000084700000, 0x0000000084800000|  0%| F|  |TAMS 0x0000000084700000, 0x0000000084700000| Untracked 
|  34|0x0000000084800000, 0x0000000084800000, 0x0000000084900000|  0%| F|  |TAMS 0x0000000084800000, 0x0000000084800000| Untracked 
|  35|0x0000000084900000, 0x0000000084900000, 0x0000000084a00000|  0%| F|  |TAMS 0x0000000084900000, 0x0000000084900000| Untracked 
|  36|0x0000000084a00000, 0x0000000084a00000, 0x0000000084b00000|  0%| F|  |TAMS 0x0000000084a00000, 0x0000000084a00000| Untracked 
|  37|0x0000000084b00000, 0x0000000084b00000, 0x0000000084c00000|  0%| F|  |TAMS 0x0000000084b00000, 0x0000000084b00000| Untracked 
|  38|0x0000000084c00000, 0x0000000084c00000, 0x0000000084d00000|  0%| F|  |TAMS 0x0000000084c00000, 0x0000000084c00000| Untracked 
|  39|0x0000000084d00000, 0x0000000084d00000, 0x0000000084e00000|  0%| F|  |TAMS 0x0000000084d00000, 0x0000000084d00000| Untracked 
|  40|0x0000000084e00000, 0x0000000084e00000, 0x0000000084f00000|  0%| F|  |TAMS 0x0000000084e00000, 0x0000000084e00000| Untracked 
|  41|0x0000000084f00000, 0x0000000084f00000, 0x0000000085000000|  0%| F|  |TAMS 0x0000000084f00000, 0x0000000084f00000| Untracked 
|  42|0x0000000085000000, 0x0000000085000000, 0x0000000085100000|  0%| F|  |TAMS 0x0000000085000000, 0x0000000085000000| Untracked 
|  43|0x0000000085100000, 0x0000000085100000, 0x0000000085200000|  0%| F|  |TAMS 0x0000000085100000, 0x0000000085100000| Untracked 
|  44|0x0000000085200000, 0x0000000085200000, 0x0000000085300000|  0%| F|  |TAMS 0x0000000085200000, 0x0000000085200000| Untracked 
|  45|0x0000000085300000, 0x0000000085300000, 0x0000000085400000|  0%| F|  |TAMS 0x0000000085300000, 0x0000000085300000| Untracked 
|  46|0x0000000085400000, 0x0000000085400000, 0x0000000085500000|  0%| F|  |TAMS 0x0000000085400000, 0x0000000085400000| Untracked 
|  47|0x0000000085500000, 0x0000000085500000, 0x0000000085600000|  0%| F|  |TAMS 0x0000000085500000, 0x0000000085500000| Untracked 
|  48|0x0000000085600000, 0x0000000085600000, 0x0000000085700000|  0%| F|  |TAMS 0x0000000085600000, 0x0000000085600000| Untracked 
|  49|0x0000000085700000, 0x0000000085700000, 0x0000000085800000|  0%| F|  |TAMS 0x0000000085700000, 0x0000000085700000| Untracked 
|  50|0x0000000085800000, 0x0000000085800000, 0x0000000085900000|  0%| F|  |TAMS 0x0000000085800000, 0x0000000085800000| Untracked 
|  51|0x0000000085900000, 0x0000000085900000, 0x0000000085a00000|  0%| F|  |TAMS 0x0000000085900000, 0x0000000085900000| Untracked 
|  52|0x0000000085a00000, 0x0000000085a00000, 0x0000000085b00000|  0%| F|  |TAMS 0x0000000085a00000, 0x0000000085a00000| Untracked 
|  53|0x0000000085b00000, 0x0000000085b00000, 0x0000000085c00000|  0%| F|  |TAMS 0x0000000085b00000, 0x0000000085b00000| Untracked 
|  54|0x0000000085c00000, 0x0000000085c61430, 0x0000000085d00000| 37%| S|CS|TAMS 0x0000000085c00000, 0x0000000085c00000| Complete 
|  55|0x0000000085d00000, 0x0000000085e00000, 0x0000000085e00000|100%| S|CS|TAMS 0x0000000085d00000, 0x0000000085d00000| Complete 
|  56|0x0000000085e00000, 0x0000000085f00000, 0x0000000085f00000|100%| S|CS|TAMS 0x0000000085e00000, 0x0000000085e00000| Complete 
|  57|0x0000000085f00000, 0x0000000086000000, 0x0000000086000000|100%| S|CS|TAMS 0x0000000085f00000, 0x0000000085f00000| Complete 
|  58|0x0000000086000000, 0x0000000086000000, 0x0000000086100000|  0%| F|  |TAMS 0x0000000086000000, 0x0000000086000000| Untracked 
|  59|0x0000000086100000, 0x0000000086100000, 0x0000000086200000|  0%| F|  |TAMS 0x0000000086100000, 0x0000000086100000| Untracked 
|  60|0x0000000086200000, 0x0000000086200000, 0x0000000086300000|  0%| F|  |TAMS 0x0000000086200000, 0x0000000086200000| Untracked 
|  61|0x0000000086300000, 0x0000000086300000, 0x0000000086400000|  0%| F|  |TAMS 0x0000000086300000, 0x0000000086300000| Untracked 
|  62|0x0000000086400000, 0x0000000086400000, 0x0000000086500000|  0%| F|  |TAMS 0x0000000086400000, 0x0000000086400000| Untracked 
|  63|0x0000000086500000, 0x0000000086500000, 0x0000000086600000|  0%| F|  |TAMS 0x0000000086500000, 0x0000000086500000| Untracked 
|  64|0x0000000086600000, 0x0000000086600000, 0x0000000086700000|  0%| F|  |TAMS 0x0000000086600000, 0x0000000086600000| Untracked 
|  65|0x0000000086700000, 0x0000000086700000, 0x0000000086800000|  0%| F|  |TAMS 0x0000000086700000, 0x0000000086700000| Untracked 
|  66|0x0000000086800000, 0x0000000086800000, 0x0000000086900000|  0%| F|  |TAMS 0x0000000086800000, 0x0000000086800000| Untracked 
|  67|0x0000000086900000, 0x0000000086a00000, 0x0000000086a00000|100%| S|CS|TAMS 0x0000000086900000, 0x0000000086900000| Complete 
|  68|0x0000000086a00000, 0x0000000086b00000, 0x0000000086b00000|100%| S|CS|TAMS 0x0000000086a00000, 0x0000000086a00000| Complete 
|  69|0x0000000086b00000, 0x0000000086c00000, 0x0000000086c00000|100%| S|CS|TAMS 0x0000000086b00000, 0x0000000086b00000| Complete 
|  70|0x0000000086c00000, 0x0000000086d00000, 0x0000000086d00000|100%| S|CS|TAMS 0x0000000086c00000, 0x0000000086c00000| Complete 
|  71|0x0000000086d00000, 0x0000000086e00000, 0x0000000086e00000|100%| S|CS|TAMS 0x0000000086d00000, 0x0000000086d00000| Complete 
|  72|0x0000000086e00000, 0x0000000086f00000, 0x0000000086f00000|100%| S|CS|TAMS 0x0000000086e00000, 0x0000000086e00000| Complete 
|  73|0x0000000086f00000, 0x0000000086f00000, 0x0000000087000000|  0%| F|  |TAMS 0x0000000086f00000, 0x0000000086f00000| Untracked 
|  74|0x0000000087000000, 0x0000000087000000, 0x0000000087100000|  0%| F|  |TAMS 0x0000000087000000, 0x0000000087000000| Untracked 
|  75|0x0000000087100000, 0x0000000087100000, 0x0000000087200000|  0%| F|  |TAMS 0x0000000087100000, 0x0000000087100000| Untracked 
|  76|0x0000000087200000, 0x0000000087200000, 0x0000000087300000|  0%| F|  |TAMS 0x0000000087200000, 0x0000000087200000| Untracked 
|  77|0x0000000087300000, 0x0000000087300000, 0x0000000087400000|  0%| F|  |TAMS 0x0000000087300000, 0x0000000087300000| Untracked 
|  78|0x0000000087400000, 0x0000000087400000, 0x0000000087500000|  0%| F|  |TAMS 0x0000000087400000, 0x0000000087400000| Untracked 
|  79|0x0000000087500000, 0x0000000087500000, 0x0000000087600000|  0%| F|  |TAMS 0x0000000087500000, 0x0000000087500000| Untracked 
|  80|0x0000000087600000, 0x0000000087600000, 0x0000000087700000|  0%| F|  |TAMS 0x0000000087600000, 0x0000000087600000| Untracked 
|  81|0x0000000087700000, 0x0000000087700000, 0x0000000087800000|  0%| F|  |TAMS 0x0000000087700000, 0x0000000087700000| Untracked 
|  82|0x0000000087800000, 0x0000000087800000, 0x0000000087900000|  0%| F|  |TAMS 0x0000000087800000, 0x0000000087800000| Untracked 
|  83|0x0000000087900000, 0x0000000087900000, 0x0000000087a00000|  0%| F|  |TAMS 0x0000000087900000, 0x0000000087900000| Untracked 
|  84|0x0000000087a00000, 0x0000000087a00000, 0x0000000087b00000|  0%| F|  |TAMS 0x0000000087a00000, 0x0000000087a00000| Untracked 
|  85|0x0000000087b00000, 0x0000000087b00000, 0x0000000087c00000|  0%| F|  |TAMS 0x0000000087b00000, 0x0000000087b00000| Untracked 
|  86|0x0000000087c00000, 0x0000000087c00000, 0x0000000087d00000|  0%| F|  |TAMS 0x0000000087c00000, 0x0000000087c00000| Untracked 
|  87|0x0000000087d00000, 0x0000000087d00000, 0x0000000087e00000|  0%| F|  |TAMS 0x0000000087d00000, 0x0000000087d00000| Untracked 
|  88|0x0000000087e00000, 0x0000000087e00000, 0x0000000087f00000|  0%| F|  |TAMS 0x0000000087e00000, 0x0000000087e00000| Untracked 
|  89|0x0000000087f00000, 0x0000000087f00000, 0x0000000088000000|  0%| F|  |TAMS 0x0000000087f00000, 0x0000000087f00000| Untracked 
|  90|0x0000000088000000, 0x0000000088000000, 0x0000000088100000|  0%| F|  |TAMS 0x0000000088000000, 0x0000000088000000| Untracked 
|  91|0x0000000088100000, 0x0000000088100000, 0x0000000088200000|  0%| F|  |TAMS 0x0000000088100000, 0x0000000088100000| Untracked 
|  92|0x0000000088200000, 0x0000000088200000, 0x0000000088300000|  0%| F|  |TAMS 0x0000000088200000, 0x0000000088200000| Untracked 
|  93|0x0000000088300000, 0x0000000088300000, 0x0000000088400000|  0%| F|  |TAMS 0x0000000088300000, 0x0000000088300000| Untracked 
|  94|0x0000000088400000, 0x0000000088400000, 0x0000000088500000|  0%| F|  |TAMS 0x0000000088400000, 0x0000000088400000| Untracked 
|  95|0x0000000088500000, 0x0000000088500000, 0x0000000088600000|  0%| F|  |TAMS 0x0000000088500000, 0x0000000088500000| Untracked 
|  96|0x0000000088600000, 0x0000000088600000, 0x0000000088700000|  0%| F|  |TAMS 0x0000000088600000, 0x0000000088600000| Untracked 
|  97|0x0000000088700000, 0x0000000088700000, 0x0000000088800000|  0%| F|  |TAMS 0x0000000088700000, 0x0000000088700000| Untracked 
|  98|0x0000000088800000, 0x0000000088800000, 0x0000000088900000|  0%| F|  |TAMS 0x0000000088800000, 0x0000000088800000| Untracked 
|  99|0x0000000088900000, 0x0000000088900000, 0x0000000088a00000|  0%| F|  |TAMS 0x0000000088900000, 0x0000000088900000| Untracked 
| 100|0x0000000088a00000, 0x0000000088a00000, 0x0000000088b00000|  0%| F|  |TAMS 0x0000000088a00000, 0x0000000088a00000| Untracked 
| 101|0x0000000088b00000, 0x0000000088b00000, 0x0000000088c00000|  0%| F|  |TAMS 0x0000000088b00000, 0x0000000088b00000| Untracked 
| 102|0x0000000088c00000, 0x0000000088c00000, 0x0000000088d00000|  0%| F|  |TAMS 0x0000000088c00000, 0x0000000088c00000| Untracked 
| 103|0x0000000088d00000, 0x0000000088d00000, 0x0000000088e00000|  0%| F|  |TAMS 0x0000000088d00000, 0x0000000088d00000| Untracked 
| 104|0x0000000088e00000, 0x0000000088e00000, 0x0000000088f00000|  0%| F|  |TAMS 0x0000000088e00000, 0x0000000088e00000| Untracked 
| 105|0x0000000088f00000, 0x0000000088f00000, 0x0000000089000000|  0%| F|  |TAMS 0x0000000088f00000, 0x0000000088f00000| Untracked 
| 106|0x0000000089000000, 0x0000000089000000, 0x0000000089100000|  0%| F|  |TAMS 0x0000000089000000, 0x0000000089000000| Untracked 
| 107|0x0000000089100000, 0x0000000089100000, 0x0000000089200000|  0%| F|  |TAMS 0x0000000089100000, 0x0000000089100000| Untracked 
| 108|0x0000000089200000, 0x0000000089200000, 0x0000000089300000|  0%| F|  |TAMS 0x0000000089200000, 0x0000000089200000| Untracked 
| 109|0x0000000089300000, 0x0000000089300000, 0x0000000089400000|  0%| F|  |TAMS 0x0000000089300000, 0x0000000089300000| Untracked 
| 110|0x0000000089400000, 0x0000000089400000, 0x0000000089500000|  0%| F|  |TAMS 0x0000000089400000, 0x0000000089400000| Untracked 
| 111|0x0000000089500000, 0x0000000089500000, 0x0000000089600000|  0%| F|  |TAMS 0x0000000089500000, 0x0000000089500000| Untracked 
| 112|0x0000000089600000, 0x0000000089600000, 0x0000000089700000|  0%| F|  |TAMS 0x0000000089600000, 0x0000000089600000| Untracked 
| 113|0x0000000089700000, 0x0000000089700000, 0x0000000089800000|  0%| F|  |TAMS 0x0000000089700000, 0x0000000089700000| Untracked 
| 114|0x0000000089800000, 0x0000000089800000, 0x0000000089900000|  0%| F|  |TAMS 0x0000000089800000, 0x0000000089800000| Untracked 
| 115|0x0000000089900000, 0x0000000089900000, 0x0000000089a00000|  0%| F|  |TAMS 0x0000000089900000, 0x0000000089900000| Untracked 
| 116|0x0000000089a00000, 0x0000000089a00000, 0x0000000089b00000|  0%| F|  |TAMS 0x0000000089a00000, 0x0000000089a00000| Untracked 
| 117|0x0000000089b00000, 0x0000000089b00000, 0x0000000089c00000|  0%| F|  |TAMS 0x0000000089b00000, 0x0000000089b00000| Untracked 
| 118|0x0000000089c00000, 0x0000000089c00000, 0x0000000089d00000|  0%| F|  |TAMS 0x0000000089c00000, 0x0000000089c00000| Untracked 
| 119|0x0000000089d00000, 0x0000000089d00000, 0x0000000089e00000|  0%| F|  |TAMS 0x0000000089d00000, 0x0000000089d00000| Untracked 
| 120|0x0000000089e00000, 0x0000000089e00000, 0x0000000089f00000|  0%| F|  |TAMS 0x0000000089e00000, 0x0000000089e00000| Untracked 
| 121|0x0000000089f00000, 0x0000000089f00000, 0x000000008a000000|  0%| F|  |TAMS 0x0000000089f00000, 0x0000000089f00000| Untracked 
| 122|0x000000008a000000, 0x000000008a000000, 0x000000008a100000|  0%| F|  |TAMS 0x000000008a000000, 0x000000008a000000| Untracked 
| 123|0x000000008a100000, 0x000000008a100000, 0x000000008a200000|  0%| F|  |TAMS 0x000000008a100000, 0x000000008a100000| Untracked 
| 124|0x000000008a200000, 0x000000008a200000, 0x000000008a300000|  0%| F|  |TAMS 0x000000008a200000, 0x000000008a200000| Untracked 
| 125|0x000000008a300000, 0x000000008a300000, 0x000000008a400000|  0%| F|  |TAMS 0x000000008a300000, 0x000000008a300000| Untracked 
| 126|0x000000008a400000, 0x000000008a400000, 0x000000008a500000|  0%| F|  |TAMS 0x000000008a400000, 0x000000008a400000| Untracked 
| 127|0x000000008a500000, 0x000000008a500000, 0x000000008a600000|  0%| F|  |TAMS 0x000000008a500000, 0x000000008a500000| Untracked 
| 128|0x000000008a600000, 0x000000008a600000, 0x000000008a700000|  0%| F|  |TAMS 0x000000008a600000, 0x000000008a600000| Untracked 
| 129|0x000000008a700000, 0x000000008a700000, 0x000000008a800000|  0%| F|  |TAMS 0x000000008a700000, 0x000000008a700000| Untracked 
| 130|0x000000008a800000, 0x000000008a800000, 0x000000008a900000|  0%| F|  |TAMS 0x000000008a800000, 0x000000008a800000| Untracked 
| 131|0x000000008a900000, 0x000000008a900000, 0x000000008aa00000|  0%| F|  |TAMS 0x000000008a900000, 0x000000008a900000| Untracked 
| 132|0x000000008aa00000, 0x000000008aa00000, 0x000000008ab00000|  0%| F|  |TAMS 0x000000008aa00000, 0x000000008aa00000| Untracked 
| 133|0x000000008ab00000, 0x000000008ab00000, 0x000000008ac00000|  0%| F|  |TAMS 0x000000008ab00000, 0x000000008ab00000| Untracked 
| 134|0x000000008ac00000, 0x000000008ac00000, 0x000000008ad00000|  0%| F|  |TAMS 0x000000008ac00000, 0x000000008ac00000| Untracked 
| 135|0x000000008ad00000, 0x000000008ad00000, 0x000000008ae00000|  0%| F|  |TAMS 0x000000008ad00000, 0x000000008ad00000| Untracked 
| 136|0x000000008ae00000, 0x000000008ae00000, 0x000000008af00000|  0%| F|  |TAMS 0x000000008ae00000, 0x000000008ae00000| Untracked 
| 137|0x000000008af00000, 0x000000008af00000, 0x000000008b000000|  0%| F|  |TAMS 0x000000008af00000, 0x000000008af00000| Untracked 
| 138|0x000000008b000000, 0x000000008b000000, 0x000000008b100000|  0%| F|  |TAMS 0x000000008b000000, 0x000000008b000000| Untracked 
| 139|0x000000008b100000, 0x000000008b100000, 0x000000008b200000|  0%| F|  |TAMS 0x000000008b100000, 0x000000008b100000| Untracked 
| 140|0x000000008b200000, 0x000000008b200000, 0x000000008b300000|  0%| F|  |TAMS 0x000000008b200000, 0x000000008b200000| Untracked 
| 141|0x000000008b300000, 0x000000008b300000, 0x000000008b400000|  0%| F|  |TAMS 0x000000008b300000, 0x000000008b300000| Untracked 
| 142|0x000000008b400000, 0x000000008b400000, 0x000000008b500000|  0%| F|  |TAMS 0x000000008b400000, 0x000000008b400000| Untracked 
| 143|0x000000008b500000, 0x000000008b500000, 0x000000008b600000|  0%| F|  |TAMS 0x000000008b500000, 0x000000008b500000| Untracked 
| 144|0x000000008b600000, 0x000000008b600000, 0x000000008b700000|  0%| F|  |TAMS 0x000000008b600000, 0x000000008b600000| Untracked 
| 145|0x000000008b700000, 0x000000008b700000, 0x000000008b800000|  0%| F|  |TAMS 0x000000008b700000, 0x000000008b700000| Untracked 
| 146|0x000000008b800000, 0x000000008b800000, 0x000000008b900000|  0%| F|  |TAMS 0x000000008b800000, 0x000000008b800000| Untracked 
| 147|0x000000008b900000, 0x000000008b900000, 0x000000008ba00000|  0%| F|  |TAMS 0x000000008b900000, 0x000000008b900000| Untracked 
| 148|0x000000008ba00000, 0x000000008ba00000, 0x000000008bb00000|  0%| F|  |TAMS 0x000000008ba00000, 0x000000008ba00000| Untracked 
| 149|0x000000008bb00000, 0x000000008bb00000, 0x000000008bc00000|  0%| F|  |TAMS 0x000000008bb00000, 0x000000008bb00000| Untracked 
| 150|0x000000008bc00000, 0x000000008bc00000, 0x000000008bd00000|  0%| F|  |TAMS 0x000000008bc00000, 0x000000008bc00000| Untracked 
| 151|0x000000008bd00000, 0x000000008bd00000, 0x000000008be00000|  0%| F|  |TAMS 0x000000008bd00000, 0x000000008bd00000| Untracked 

Card table byte_map: [0x000002aa7e830000,0x000002aa7ec20000] _byte_map_base: 0x000002aa7e41d000

Marking Bits (Prev, Next): (CMBitMap*) 0x000002aa6ab26878, (CMBitMap*) 0x000002aa6ab268b0
 Prev Bits: [0x000002aa00000000, 0x000002aa01f68000)
 Next Bits: [0x000002aa01f70000, 0x000002aa03ed8000)

Polling page: 0x000002aa6aba0000

Metaspace:

Usage:
  Non-class:     47.88 MB capacity,    46.88 MB ( 98%) used,   828.76 KB (  2%) free+waste,   191.06 KB ( <1%) overhead. 
      Class:      7.93 MB capacity,     7.31 MB ( 92%) used,   540.57 KB (  7%) free+waste,    93.50 KB (  1%) overhead. 
       Both:     55.81 MB capacity,    54.19 MB ( 97%) used,     1.34 MB (  2%) free+waste,   284.56 KB ( <1%) overhead. 

Virtual space:
  Non-class space:       48.00 MB reserved,      48.00 MB (100%) committed 
      Class space:        1.00 GB reserved,       8.00 MB ( <1%) committed 
             Both:        1.05 GB reserved,      56.00 MB (  5%) committed 

Chunk freelists:
   Non-Class:  62.00 KB
       Class:  6.00 KB
        Both:  68.00 KB

CodeHeap 'non-profiled nmethods': size=238336Kb used=10775Kb max_used=10775Kb free=227560Kb
 bounds [0x000002aa6f110000, 0x000002aa6fba0000, 0x000002aa7d9d0000]
CodeHeap 'non-nmethods': size=7424Kb used=1303Kb max_used=1303Kb free=6120Kb
 bounds [0x000002aa6e9d0000, 0x000002aa6ec40000, 0x000002aa6f110000]
 total_blobs=7035 nmethods=6321 adapters=611
 compilation: enabled
              stopped_count=0, restarted_count=0
 full_count=0

Compilation events (10 events):
Event: 5.115 Thread 0x000002aa7faea800 6329       1       org.springframework.core.convert.Property::getWriteMethod (5 bytes)
Event: 5.115 Thread 0x000002aa7faea800 nmethod 6329 0x000002aa6fb93990 code [0x000002aa6fb93b40, 0x000002aa6fb93c78]
Event: 5.115 Thread 0x000002aa7faea800 6330       1       org.springframework.web.context.support.GenericWebApplicationContext::getServletContext (5 bytes)
Event: 5.115 Thread 0x000002aa7faea800 nmethod 6330 0x000002aa6fb93d10 code [0x000002aa6fb93ec0, 0x000002aa6fb93ff8]
Event: 5.115 Thread 0x000002aa7faea800 6331       1       org.springframework.aop.framework.AbstractAdvisingBeanPostProcessor::isEligible (61 bytes)
Event: 5.115 Thread 0x000002aa7faea800 nmethod 6331 0x000002aa6fb94090 code [0x000002aa6fb94280, 0x000002aa6fb94530]
Event: 5.115 Thread 0x000002aa7faea800 6332       1       org.springframework.aop.framework.AbstractAdvisingBeanPostProcessor::postProcessAfterInitialization (137 bytes)
Event: 5.116 Thread 0x000002aa7faea800 nmethod 6332 0x000002aa6fb94690 code [0x000002aa6fb94920, 0x000002aa6fb95240]
Event: 5.116 Thread 0x000002aa7faea800 6333       1       org.springframework.core.MethodParameter::getParameterAnnotations (97 bytes)
Event: 5.116 Thread 0x000002aa7faea800 nmethod 6333 0x000002aa6fb95690 code [0x000002aa6fb958a0, 0x000002aa6fb95cb0]

GC Heap History (10 events):
Event: 1.529 GC heap after
{Heap after GC invocations=6 (full 0):
 garbage-first heap   total 129024K, used 13428K [0x0000000082600000, 0x0000000100000000)
  region size 1024K, 5 young (5120K), 5 survivors (5120K)
 Metaspace       used 22879K, capacity 23749K, committed 23932K, reserved 1069056K
  class space    used 3043K, capacity 3374K, committed 3452K, reserved 1048576K
}
Event: 2.182 GC heap before
{Heap before GC invocations=6 (full 0):
 garbage-first heap   total 129024K, used 81012K [0x0000000082600000, 0x0000000100000000)
  region size 1024K, 71 young (72704K), 5 survivors (5120K)
 Metaspace       used 28374K, capacity 29315K, committed 29436K, reserved 1075200K
  class space    used 3863K, capacity 4236K, committed 4348K, reserved 1048576K
}
Event: 2.189 GC heap after
{Heap after GC invocations=7 (full 0):
 garbage-first heap   total 155648K, used 15980K [0x0000000082600000, 0x0000000100000000)
  region size 1024K, 8 young (8192K), 8 survivors (8192K)
 Metaspace       used 28374K, capacity 29315K, committed 29436K, reserved 1075200K
  class space    used 3863K, capacity 4236K, committed 4348K, reserved 1048576K
}
Event: 2.676 GC heap before
{Heap before GC invocations=7 (full 0):
 garbage-first heap   total 155648K, used 94828K [0x0000000082600000, 0x0000000100000000)
  region size 1024K, 86 young (88064K), 8 survivors (8192K)
 Metaspace       used 33185K, capacity 34350K, committed 34428K, reserved 1079296K
  class space    used 4471K, capacity 4928K, committed 4988K, reserved 1048576K
}
Event: 2.686 GC heap after
{Heap after GC invocations=8 (full 0):
 garbage-first heap   total 155648K, used 18620K [0x0000000082600000, 0x0000000100000000)
  region size 1024K, 8 young (8192K), 8 survivors (8192K)
 Metaspace       used 33185K, capacity 34350K, committed 34428K, reserved 1079296K
  class space    used 4471K, capacity 4928K, committed 4988K, reserved 1048576K
}
Event: 2.834 GC heap before
{Heap before GC invocations=8 (full 0):
 garbage-first heap   total 155648K, used 31932K [0x0000000082600000, 0x0000000100000000)
  region size 1024K, 22 young (22528K), 8 survivors (8192K)
 Metaspace       used 34646K, capacity 35854K, committed 35964K, reserved 1079296K
  class space    used 4647K, capacity 5154K, committed 5244K, reserved 1048576K
}
Event: 2.840 GC heap after
{Heap after GC invocations=9 (full 0):
 garbage-first heap   total 155648K, used 19328K [0x0000000082600000, 0x0000000100000000)
  region size 1024K, 7 young (7168K), 7 survivors (7168K)
 Metaspace       used 34646K, capacity 35854K, committed 35964K, reserved 1079296K
  class space    used 4647K, capacity 5154K, committed 5244K, reserved 1048576K
}
Event: 3.780 GC heap before
{Heap before GC invocations=10 (full 0):
 garbage-first heap   total 155648K, used 98176K [0x0000000082600000, 0x0000000100000000)
  region size 1024K, 85 young (87040K), 7 survivors (7168K)
 Metaspace       used 49113K, capacity 50451K, committed 50684K, reserved 1093632K
  class space    used 6613K, capacity 7129K, committed 7164K, reserved 1048576K
}
Event: 3.787 GC heap after
{Heap after GC invocations=11 (full 0):
 garbage-first heap   total 155648K, used 24919K [0x0000000082600000, 0x0000000100000000)
  region size 1024K, 9 young (9216K), 9 survivors (9216K)
 Metaspace       used 49113K, capacity 50451K, committed 50684K, reserved 1093632K
  class space    used 6613K, capacity 7129K, committed 7164K, reserved 1048576K
}
Event: 5.118 GC heap before
{Heap before GC invocations=11 (full 0):
 garbage-first heap   total 155648K, used 105815K [0x0000000082600000, 0x0000000100000000)
  region size 1024K, 88 young (90112K), 9 survivors (9216K)
 Metaspace       used 55494K, capacity 57148K, committed 57340K, reserved 1097728K
  class space    used 7487K, capacity 8122K, committed 8188K, reserved 1048576K
}

Deoptimization events (2 events):
Event: 1.751 Thread 0x000002aa6aae7800 DEOPT PACKING pc=0x000002aa6f3de434 sp=0x000000e71f8fd880
Event: 1.751 Thread 0x000002aa6aae7800 DEOPT UNPACKING pc=0x000002aa6e9f904e sp=0x000000e71f8fcde8 mode 0

Classes redefined (0 events):
No events

Internal exceptions (10 events):
Event: 5.010 Thread 0x000002aa6aae7800 Exception <a 'java/lang/ClassNotFoundException'{0x00000000883e1688}: java/lang/ObjectCustomizer> (0x00000000883e1688) thrown at [c:/BuildAgent/work/5ff2f6c26000d570/src/hotspot/share/classfile/systemDictionary.cpp, line 231]
Event: 5.011 Thread 0x000002aa6aae7800 Exception <a 'java/lang/ClassNotFoundException'{0x00000000883f3220}: edu/agh/iet/BSc_Thesis/Model/Entities/TaskSessionCustomizer> (0x00000000883f3220) thrown at [c:/BuildAgent/work/5ff2f6c26000d570/src/hotspot/share/classfile/systemDictionary.cpp, line 23
Event: 5.018 Thread 0x000002aa6aae7800 Exception <a 'java/lang/ClassNotFoundException'{0x00000000882a13a8}: java/lang/ObjectCustomizer> (0x00000000882a13a8) thrown at [c:/BuildAgent/work/5ff2f6c26000d570/src/hotspot/share/classfile/systemDictionary.cpp, line 231]
Event: 5.019 Thread 0x000002aa6aae7800 Exception <a 'java/lang/ClassNotFoundException'{0x00000000882b23b8}: edu/agh/iet/BSc_Thesis/Model/Entities/TaskCustomizer> (0x00000000882b23b8) thrown at [c:/BuildAgent/work/5ff2f6c26000d570/src/hotspot/share/classfile/systemDictionary.cpp, line 231]
Event: 5.070 Thread 0x000002aa6aae7800 Exception <a 'java/lang/reflect/InvocationTargetException'{0x00000000879ee9e8}> (0x00000000879ee9e8) thrown at [c:/BuildAgent/work/5ff2f6c26000d570/src/hotspot/share/runtime/reflection.cpp, line 1246]
Event: 5.078 Thread 0x000002aa6aae7800 Exception <a 'java/lang/ClassNotFoundException'{0x00000000878ac300}: java/lang/ObjectCustomizer> (0x00000000878ac300) thrown at [c:/BuildAgent/work/5ff2f6c26000d570/src/hotspot/share/classfile/systemDictionary.cpp, line 231]
Event: 5.078 Thread 0x000002aa6aae7800 Exception <a 'java/lang/ClassNotFoundException'{0x00000000878bdfb8}: edu/agh/iet/BSc_Thesis/Model/Entities/School/SchoolCustomizer> (0x00000000878bdfb8) thrown at [c:/BuildAgent/work/5ff2f6c26000d570/src/hotspot/share/classfile/systemDictionary.cpp, line 
Event: 5.082 Thread 0x000002aa6aae7800 Exception <a 'java/lang/ClassNotFoundException'{0x00000000877243c8}: java/lang/ObjectCustomizer> (0x00000000877243c8) thrown at [c:/BuildAgent/work/5ff2f6c26000d570/src/hotspot/share/classfile/systemDictionary.cpp, line 231]
Event: 5.083 Thread 0x000002aa6aae7800 Exception <a 'java/lang/ClassNotFoundException'{0x00000000877368c0}: edu/agh/iet/BSc_Thesis/Model/Entities/School/SchoolClassCustomizer> (0x00000000877368c0) thrown at [c:/BuildAgent/work/5ff2f6c26000d570/src/hotspot/share/classfile/systemDictionary.cpp, 
Event: 5.111 Thread 0x000002aa6aae7800 Exception <a 'java/lang/reflect/InvocationTargetException'{0x00000000870ca500}> (0x00000000870ca500) thrown at [c:/BuildAgent/work/5ff2f6c26000d570/src/hotspot/share/runtime/reflection.cpp, line 1246]

Events (10 events):
Event: 5.082 loading class java/lang/ObjectCustomizer done
Event: 5.083 loading class edu/agh/iet/BSc_Thesis/Model/Entities/School/SchoolClassCustomizer
Event: 5.083 loading class edu/agh/iet/BSc_Thesis/Model/Entities/School/SchoolClassCustomizer done
Event: 5.083 loading class edu/agh/iet/BSc_Thesis/Model/Entities/School/SchoolClassCustomizer
Event: 5.083 loading class edu/agh/iet/BSc_Thesis/Model/Entities/School/SchoolClassCustomizer done
Event: 5.083 loading class edu/agh/iet/BSc_Thesis/Model/Entities/School/SchoolClassCustomizer
Event: 5.083 loading class edu/agh/iet/BSc_Thesis/Model/Entities/School/SchoolClassCustomizer done
Event: 5.106 Executing VM operation: ICBufferFull
Event: 5.106 Executing VM operation: ICBufferFull done
Event: 5.118 Executing VM operation: G1CollectForAllocation


Dynamic libraries:
0x00007ff6ee180000 - 0x00007ff6ee1c7000 	C:\Program Files\JetBrains\IntelliJ IDEA 2019.3\jbr\bin\java.exe
0x00007ff96f780000 - 0x00007ff96f970000 	C:\WINDOWS\SYSTEM32\ntdll.dll
0x00007ff96e740000 - 0x00007ff96e7f2000 	C:\WINDOWS\System32\KERNEL32.DLL
0x00007ff96c780000 - 0x00007ff96ca25000 	C:\WINDOWS\System32\KERNELBASE.dll
0x00007ff96db30000 - 0x00007ff96dcc4000 	C:\WINDOWS\System32\USER32.dll
0x00007ff96d3b0000 - 0x00007ff96d3d1000 	C:\WINDOWS\System32\win32u.dll
0x00007ff96d900000 - 0x00007ff96d926000 	C:\WINDOWS\System32\GDI32.dll
0x00007ff96d4e0000 - 0x00007ff96d676000 	C:\WINDOWS\System32\gdi32full.dll
0x00007ff96d1c0000 - 0x00007ff96d25e000 	C:\WINDOWS\System32\msvcp_win.dll
0x00007ff96d730000 - 0x00007ff96d82a000 	C:\WINDOWS\System32\ucrtbase.dll
0x00007ff959830000 - 0x00007ff959ab4000 	C:\WINDOWS\WinSxS\amd64_microsoft.windows.common-controls_6595b64144ccf1df_6.0.18362.1198_none_9e820b57e45ad92f\COMCTL32.dll
0x00007ff96df50000 - 0x00007ff96dfee000 	C:\WINDOWS\System32\msvcrt.dll
0x00007ff96ea30000 - 0x00007ff96ed65000 	C:\WINDOWS\System32\combase.dll
0x00007ff96dcd0000 - 0x00007ff96ddf0000 	C:\WINDOWS\System32\RPCRT4.dll
0x00007ff96c700000 - 0x00007ff96c780000 	C:\WINDOWS\System32\bcryptPrimitives.dll
0x00007ff96f710000 - 0x00007ff96f73e000 	C:\WINDOWS\System32\IMM32.DLL
0x00007ff940ac0000 - 0x00007ff940ad7000 	C:\Program Files\JetBrains\IntelliJ IDEA 2019.3\jbr\bin\vcruntime140.dll
0x00007ff9330f0000 - 0x00007ff93318d000 	C:\Program Files\JetBrains\IntelliJ IDEA 2019.3\jbr\bin\msvcp140.dll
0x00007ff902570000 - 0x00007ff903028000 	C:\Program Files\JetBrains\IntelliJ IDEA 2019.3\jbr\bin\server\jvm.dll
0x00007ff96da80000 - 0x00007ff96db23000 	C:\WINDOWS\System32\ADVAPI32.dll
0x00007ff96f670000 - 0x00007ff96f707000 	C:\WINDOWS\System32\sechost.dll
0x00007ff96e870000 - 0x00007ff96e878000 	C:\WINDOWS\System32\PSAPI.DLL
0x00007ff94d7b0000 - 0x00007ff94d7b9000 	C:\WINDOWS\SYSTEM32\WSOCK32.dll
0x00007ff96a020000 - 0x00007ff96a044000 	C:\WINDOWS\SYSTEM32\WINMM.dll
0x00007ff96e800000 - 0x00007ff96e86f000 	C:\WINDOWS\System32\WS2_32.dll
0x00007ff963ca0000 - 0x00007ff963caa000 	C:\WINDOWS\SYSTEM32\VERSION.dll
0x00007ff969ff0000 - 0x00007ff96a01d000 	C:\WINDOWS\SYSTEM32\winmmbase.dll
0x00007ff96d680000 - 0x00007ff96d6ca000 	C:\WINDOWS\System32\cfgmgr32.dll
0x00007ff96c640000 - 0x00007ff96c651000 	C:\WINDOWS\System32\kernel.appcore.dll
0x00007ff94f670000 - 0x00007ff94f681000 	C:\Program Files\JetBrains\IntelliJ IDEA 2019.3\jbr\bin\verify.dll
0x00007ff96a3b0000 - 0x00007ff96a5a4000 	C:\WINDOWS\SYSTEM32\DBGHELP.DLL
0x00007ff95a010000 - 0x00007ff95a03a000 	C:\WINDOWS\SYSTEM32\dbgcore.DLL
0x00007ff9453c0000 - 0x00007ff9453e9000 	C:\Program Files\JetBrains\IntelliJ IDEA 2019.3\jbr\bin\java.dll
0x00007ff93e460000 - 0x00007ff93e494000 	C:\Program Files\JetBrains\IntelliJ IDEA 2019.3\jbr\bin\instrument.dll
0x00007ff9496b0000 - 0x00007ff9496c7000 	C:\Program Files\JetBrains\IntelliJ IDEA 2019.3\jbr\bin\zip.dll
0x00007ff94f640000 - 0x00007ff94f64b000 	C:\Program Files\JetBrains\IntelliJ IDEA 2019.3\jbr\bin\jimage.dll
0x00007ff96dff0000 - 0x00007ff96e6d7000 	C:\WINDOWS\System32\SHELL32.dll
0x00007ff96ee30000 - 0x00007ff96eed9000 	C:\WINDOWS\System32\shcore.dll
0x00007ff96ca30000 - 0x00007ff96d1b1000 	C:\WINDOWS\System32\windows.storage.dll
0x00007ff96c6d0000 - 0x00007ff96c6f3000 	C:\WINDOWS\System32\profapi.dll
0x00007ff96c680000 - 0x00007ff96c6ca000 	C:\WINDOWS\System32\powrprof.dll
0x00007ff96c630000 - 0x00007ff96c640000 	C:\WINDOWS\System32\UMPDC.dll
0x00007ff96e6e0000 - 0x00007ff96e732000 	C:\WINDOWS\System32\shlwapi.dll
0x00007ff96d410000 - 0x00007ff96d427000 	C:\WINDOWS\System32\cryptsp.dll
0x00007ff946c30000 - 0x00007ff946c4a000 	C:\Program Files\JetBrains\IntelliJ IDEA 2019.3\jbr\bin\net.dll
0x00007ff966cc0000 - 0x00007ff966db0000 	C:\WINDOWS\SYSTEM32\WINHTTP.dll
0x00007ff95cca0000 - 0x00007ff95ce76000 	C:\WINDOWS\SYSTEM32\urlmon.dll
0x00007ff95ce80000 - 0x00007ff95d127000 	C:\WINDOWS\SYSTEM32\iertutil.dll
0x00007ff96c050000 - 0x00007ff96c05c000 	C:\WINDOWS\SYSTEM32\CRYPTBASE.DLL
0x00007ff96be80000 - 0x00007ff96bee7000 	C:\WINDOWS\system32\mswsock.dll
0x00007ff9453a0000 - 0x00007ff9453b4000 	C:\Program Files\JetBrains\IntelliJ IDEA 2019.3\jbr\bin\nio.dll
0x00007ff945330000 - 0x00007ff94534a000 	C:\Program Files\JetBrains\IntelliJ IDEA 2019.3\bin\breakgen64.dll
0x00007ff96bbd0000 - 0x00007ff96bc9b000 	C:\WINDOWS\SYSTEM32\DNSAPI.dll
0x00007ff96ef50000 - 0x00007ff96ef58000 	C:\WINDOWS\System32\NSI.dll
0x00007ff96bb90000 - 0x00007ff96bbca000 	C:\WINDOWS\SYSTEM32\IPHLPAPI.DLL
0x00007ff9639b0000 - 0x00007ff9639ba000 	C:\Windows\System32\rasadhlp.dll
0x00007ff95d970000 - 0x00007ff95d9e7000 	C:\WINDOWS\System32\fwpuclnt.dll
0x00007ff96d3e0000 - 0x00007ff96d406000 	C:\WINDOWS\System32\bcrypt.dll
0x00007ff94f220000 - 0x00007ff94f22a000 	C:\Program Files\JetBrains\IntelliJ IDEA 2019.3\jbr\bin\management.dll
0x00007ff94d7c0000 - 0x00007ff94d7cc000 	C:\Program Files\JetBrains\IntelliJ IDEA 2019.3\jbr\bin\management_ext.dll
0x00007ff96b9f0000 - 0x00007ff96ba23000 	C:\WINDOWS\system32\rsaenh.dll
0x00007ff96c510000 - 0x00007ff96c535000 	C:\WINDOWS\SYSTEM32\USERENV.dll
0x00007ff95e080000 - 0x00007ff95e096000 	C:\WINDOWS\SYSTEM32\dhcpcsvc6.DLL
0x00007ff95e060000 - 0x00007ff95e07c000 	C:\WINDOWS\SYSTEM32\dhcpcsvc.DLL
0x00007ff9456f0000 - 0x00007ff945706000 	C:\WINDOWS\system32\napinsp.dll
0x00007ff9456d0000 - 0x00007ff9456ea000 	C:\WINDOWS\system32\pnrpnsp.dll
0x00007ff9456c0000 - 0x00007ff9456ce000 	C:\WINDOWS\System32\winrnr.dll
0x00007ff9687b0000 - 0x00007ff9687cc000 	C:\WINDOWS\system32\NLAapi.dll
0x00007ff967d30000 - 0x00007ff967d45000 	C:\WINDOWS\system32\wshbth.dll
0x00007ff952860000 - 0x00007ff952888000 	C:\Program Files\JetBrains\IntelliJ IDEA 2019.3\jbr\bin\sunec.dll

dbghelp: loaded successfully - version: 4.0.5 - missing functions: none
symbol engine: initialized successfully - sym options: 0x614 - pdb path: .;C:\Program Files\JetBrains\IntelliJ IDEA 2019.3\jbr\bin;C:\WINDOWS\SYSTEM32;C:\WINDOWS\WinSxS\amd64_microsoft.windows.common-controls_6595b64144ccf1df_6.0.18362.1198_none_9e820b57e45ad92f;C:\Program Files\JetBrains\IntelliJ IDEA 2019.3\jbr\bin\server;C:\Program Files\JetBrains\IntelliJ IDEA 2019.3\bin

VM Arguments:
jvm_args: -XX:TieredStopAtLevel=1 -Xverify:none -Dspring.output.ansi.enabled=always -Dcom.sun.management.jmxremote -Dspring.jmx.enabled=true -Dspring.liveBeansView.mbeanDomain -Dspring.application.admin.enabled=true -javaagent:C:\Program Files\JetBrains\IntelliJ IDEA 2019.3\lib\idea_rt.jar=53564:C:\Program Files\JetBrains\IntelliJ IDEA 2019.3\bin -Dfile.encoding=UTF-8 
java_command: edu.agh.iet.BSc_Thesis.SecureCommunicatorApplicationKt
java_class_path (initial): D:\Studia\Informatyka\Inzynierka\backend\build\classes\kotlin\main;D:\Studia\Informatyka\Inzynierka\backend\build\resources\main;C:\Users\jakub\.gradle\caches\modules-2\files-2.1\org.springframework.boot\spring-boot-starter-data-jpa\2.2.6.RELEASE\e6bfecf4694867d815514799ea23a937c623f496\spring-boot-starter-data-jpa-2.2.6.RELEASE.jar;C:\Users\jakub\.gradle\caches\modules-2\files-2.1\org.springframework.boot\spring-boot-starter-security\2.2.6.RELEASE\27b75e738d353de4475df6751852bacf3832afec\spring-boot-starter-security-2.2.6.RELEASE.jar;C:\Users\jakub\.gradle\caches\modules-2\files-2.1\org.springframework.boot\spring-boot-starter-web\2.2.6.RELEASE\4f76853c40cd6c7a0214083b36cd8cfe7c5d7b48\spring-boot-starter-web-2.2.6.RELEASE.jar;C:\Users\jakub\.gradle\caches\modules-2\files-2.1\com.fasterxml.jackson.module\jackson-module-kotlin\2.10.3\d6908a6c5a0ceef2b907eeae9a31fdcdd534fb19\jackson-module-kotlin-2.10.3.jar;C:\Users\jakub\.gradle\caches\modules-2\files-2.1\org.jetbrains.kotlin\kotlin-reflect\1.3.71\fca74670d8e6906a3241b3cf3732409ca77b2508\kotlin-reflect-1.3.71.jar;C:\Users\jakub\.gradle\caches\modules-2\files-2.1\org.jetbrains.kotlin\kotlin-stdlib-jdk8\1.3.71\4defc79915cf4f78b49bbc4a8f1e80e87767a5b\kotlin-stdlib-jdk8-1.3.71.jar;C:\Users\jakub\.gradle\caches\modules-2\files-2.1\org.hibernate\hibernate-core\5.4.14.Final\8adc899b3c6721fa4d5ab48512b46c359fb69e42\hibernate-core-5.4.14.Final.jar;C:\Users\jakub\.gradle\caches\modules-2\files-2.1\io.jsonwebtoken\jjwt\0.9.1\54d2abfc3e63a28824d35bf600d6a5d627da681a\jjwt-0.9.1.jar;C:\Users\jakub\.gradle\caches\modules-2\files-2.1\org.springframework.boot\spring-boot-starter-aop\2.2.6.RELEASE\fc76ce1ca3725c25355703de2ff1015d6b8c80b6\spring-boot-starter-aop-2.2.6.RELEASE.jar;C:\Users\jakub\.gradle\caches\modules-2\files-2.1\org.springframework.boot\spring-boot-starter-jdbc\2.2.6.RELEASE\ca8051a3df9eb7355728f1caf22891eec97b9b92\spring-boot-starter-jdbc-2.2.6.RELEASE.jar;C:\Users\jakub\.gradle\caches\mod
Launcher Type: SUN_STANDARD

[Global flags]
     bool BytecodeVerificationLocal                = false                                     {product} {command line}
     bool BytecodeVerificationRemote               = false                                     {product} {command line}
     intx CICompilerCount                          = 4                                         {product} {ergonomic}
     uint ConcGCThreads                            = 2                                         {product} {ergonomic}
     uint G1ConcRefinementThreads                  = 8                                         {product} {ergonomic}
   size_t G1HeapRegionSize                         = 1048576                                   {product} {ergonomic}
    uintx GCDrainStackTargetSize                   = 64                                        {product} {ergonomic}
   size_t InitialHeapSize                          = 132120576                                 {product} {ergonomic}
     bool ManagementServer                         = true                                      {product} {command line}
   size_t MarkStackSize                            = 4194304                                   {product} {ergonomic}
   size_t MaxHeapSize                              = 2107637760                                {product} {ergonomic}
   size_t MaxNewSize                               = 1264582656                                {product} {ergonomic}
   size_t MinHeapDeltaBytes                        = 1048576                                   {product} {ergonomic}
    uintx NonNMethodCodeHeapSize                   = 7549744                                {pd product} {ergonomic}
    uintx NonProfiledCodeHeapSize                  = 244108496                              {pd product} {ergonomic}
    uintx ProfiledCodeHeapSize                     = 0                                      {pd product} {ergonomic}
    uintx ReservedCodeCacheSize                    = 251658240                              {pd product} {ergonomic}
     bool SegmentedCodeCache                       = true                                      {product} {ergonomic}
     intx TieredStopAtLevel                        = 1                                         {product} {command line}
     bool UseCompressedClassPointers               = true                                 {lp64_product} {ergonomic}
     bool UseCompressedOops                        = true                                 {lp64_product} {ergonomic}
     bool UseG1GC                                  = true                                      {product} {ergonomic}
     bool UseLargePagesIndividualAllocation        = false                                  {pd product} {ergonomic}

Logging:
Log output configuration:
 #0: stdout all=warning uptime,level,tags
 #1: stderr all=off uptime,level,tags

Environment Variables:
JAVA_HOME=C:\Program Files\Java\jdk-13
PATH=C:\Program Files\Java\jdk-13\bin;C:\Program Files (x86)\Common Files\Oracle\Java\javapath;C:\Windows\system32;C:\Windows;C:\Windows\System32\Wbem;C:\Windows\System32\WindowsPowerShell\v1.0\;C:\Windows\System32\OpenSSH\;C:\Program Files (x86)\NVIDIA Corporation\PhysX\Common;C:\Program Files\Intel\WiFi\bin\;C:\Program Files\Common Files\Intel\WirelessCommon\;C:\Program Files\nodejs\;C:\Program Files\erl10.3\bin;C:\Program Files (x86)\Elixir\bin;C:\WINDOWS\system32\config\systemprofile\.mix\escripts;C:\Program Files\Git\cmd;C:\WINDOWS\system32;C:\WINDOWS;C:\WINDOWS\System32\Wbem;C:\WINDOWS\System32\WindowsPowerShell\v1.0\;C:\WINDOWS\System32\OpenSSH\;C:\Program Files\ZeroC\Ice-3.7.3\bin;C:\Program Files\glpk-4.65\w64;C:\Program Files\proto_grpc\bin\;C:\Program Files (x86)\IVI Foundation\VISA\WinNT\Bin;C:\Program Files (x86)\Yarn\bin\;C:\Program Files\MySQL\MySQL Shell 8.0\bin\;C:\Program Files\Python\Python38\Scripts\;C:\Program Files\Python\Python38\;C:\Users\jakub\AppData\Local\Microsoft\WindowsApps;C:\Users\jakub\AppData\Local\Programs\Microsoft VS Code\bin;C:\Program Files\erl10.3\bin;C:\Program Files\JetBrains\IntelliJ IDEA 2019.3\bin;;C:\Program Files\JetBrains\IntelliJ IDEA Community Edition 2019.1.1\bin;;C:\Users\jakub\AppData\Roaming\npm;C:\Program Files (x86)\Elixir\bin;C:\Program Files\JetBrains\DataGrip 2019.2.5\bin;;C:\Users\jakub\AppData\Local\Yarn\bin
USERNAME=jakub
OS=Windows_NT
PROCESSOR_IDENTIFIER=Intel64 Family 6 Model 142 Stepping 11, GenuineIntel



---------------  S Y S T E M  ---------------

OS: Windows 10 , 64 bit Build 18362 (10.0.18362.1110)

CPU:total 8 (initial active 8) (4 cores per cpu, 2 threads per core) family 6 model 142 stepping 11, cmov, cx8, fxsr, mmx, sse, sse2, sse3, ssse3, sse4.1, sse4.2, popcnt, avx, avx2, aes, clmul, erms, 3dnowpref, lzcnt, ht, tsc, tscinvbit, bmi1, bmi2, adx, fma

Memory: 4k page, system-wide physical 8037M (360M free)
TotalPageFile size 18200M (AvailPageFile size 34M)
current process WorkingSet (physical memory assigned to process): 265M, peak: 265M
current process commit charge ("private bytes"): 324M, peak: 355M

vm_info: OpenJDK 64-Bit Server VM (11.0.4+10-b520.11) for windows-amd64 JRE (11.0.4+10-b520.11), built on Nov 16 2019 04:35:14 by "" with MS VC++ 14.0 (VS2015)

END.
