#
# There is insufficient memory for the Java Runtime Environment to continue.
# Native memory allocation (malloc) failed to allocate 1048576 bytes for AllocateHeap
# Possible reasons:
#   The system is out of physical RAM or swap space
#   The process is running with CompressedOops enabled, and the Java Heap may be blocking the growth of the native heap
# Possible solutions:
#   Reduce memory load on the system
#   Increase physical memory or swap space
#   Check if swap backing store is full
#   Decrease Java heap size (-Xmx/-Xms)
#   Decrease number of Java threads
#   Decrease Java thread stack sizes (-Xss)
#   Set larger code cache with -XX:ReservedCodeCacheSize=
#   JVM is running with Unscaled Compressed Oops mode in which the Java heap is
#     placed in the first 4GB address space. The Java Heap base address is the
#     maximum limit for the native heap growth. Please use -XX:HeapBaseMinAddress
#     to set the Java Heap base and to place the Java Heap above 4GB virtual address.
# This output file may be truncated or incomplete.
#
#  Out of Memory Error (c:/BuildAgent/work/5ff2f6c26000d570/src/hotspot/share/memory/allocation.cpp:46), pid=18504, tid=22196
#
# JRE version: OpenJDK Runtime Environment (11.0.4+10) (build 11.0.4+10-b520.11)
# Java VM: OpenJDK 64-Bit Server VM (11.0.4+10-b520.11, mixed mode, sharing, tiered, compressed oops, g1 gc, windows-amd64)
# No core dump will be written. Minidumps are not enabled by default on client versions of Windows
#

---------------  S U M M A R Y ------------

Command Line: -XX:TieredStopAtLevel=1 -Xverify:none -Dspring.output.ansi.enabled=always -Dcom.sun.management.jmxremote -Dspring.jmx.enabled=true -Dspring.liveBeansView.mbeanDomain -Dspring.application.admin.enabled=true -javaagent:C:\Program Files\JetBrains\IntelliJ IDEA 2019.3\lib\idea_rt.jar=53431:C:\Program Files\JetBrains\IntelliJ IDEA 2019.3\bin -Dfile.encoding=UTF-8 edu.agh.iet.BSc_Thesis.SecureCommunicatorApplicationKt

Host: Intel(R) Core(TM) i5-8265U CPU @ 1.60GHz, 8 cores, 7G,  Windows 10 , 64 bit Build 18362 (10.0.18362.1110)
Time: Fri Nov 27 02:11:47 2020 ?rodkowoeuropejski czas stand. elapsed time: 3 seconds (0d 0h 0m 3s)

---------------  T H R E A D  ---------------

Current thread (0x0000026925ade800):  VMThread "VM Thread" [stack: 0x000000ae54e00000,0x000000ae54f00000] [id=22196]

Stack: [0x000000ae54e00000,0x000000ae54f00000]
[error occurred during error reporting (printing stack bounds), id 0xc0000005, EXCEPTION_ACCESS_VIOLATION (0xc0000005) at pc=0x000002690f2d0bad]

Native frames: (J=compiled Java code, j=interpreted, Vv=VM code, C=native code)
V  [jvm.dll+0x5db21a]
V  [jvm.dll+0x70c4f5]
V  [jvm.dll+0x70da18]
V  [jvm.dll+0x70e045]
V  [jvm.dll+0x70dffb]
V  [jvm.dll+0x5da9a8]
V  [jvm.dll+0x5dae08]
C  [ntdll.dll+0xa184f]
C  [ntdll.dll+0x6a889]
C  [ntdll.dll+0xa04be]
C  0x000002690f2d0bad

VM_Operation (0x000000ae548fbdf0): CollectForMetadataAllocation, mode: safepoint, requested by thread 0x000002690b42d000


---------------  P R O C E S S  ---------------

Threads class SMR info:
_java_thread_list=0x0000026927c53d30, length=19, elements={
0x000002690b42d000, 0x0000026925ae5800, 0x0000026925aea000, 0x0000026925b04800,
0x0000026925b07800, 0x0000026925b08800, 0x0000026925b0b800, 0x0000026926515800,
0x00000269268aa000, 0x00000269268ad000, 0x0000026926aba000, 0x0000026927812000,
0x000002692788c800, 0x0000026928492000, 0x000002692813d000, 0x000002692857a800,
0x0000026928596000, 0x0000026929f58800, 0x0000026929f42800
}

Java Threads: ( => current thread )
  0x000002690b42d000 JavaThread "main" [_thread_blocked, id=11488, stack(0x000000ae54800000,0x000000ae54900000)]
  0x0000026925ae5800 JavaThread "Reference Handler" daemon [_thread_blocked, id=13248, stack(0x000000ae54f00000,0x000000ae55000000)]
  0x0000026925aea000 JavaThread "Finalizer" daemon [_thread_blocked, id=18600, stack(0x000000ae55000000,0x000000ae55100000)]
  0x0000026925b04800 JavaThread "Signal Dispatcher" daemon [_thread_blocked, id=5232, stack(0x000000ae55100000,0x000000ae55200000)]
  0x0000026925b07800 JavaThread "Attach Listener" daemon [_thread_blocked, id=7920, stack(0x000000ae55200000,0x000000ae55300000)]
  0x0000026925b08800 JavaThread "C1 CompilerThread0" daemon [_thread_blocked, id=1296, stack(0x000000ae55300000,0x000000ae55400000)]
  0x0000026925b0b800 JavaThread "Sweeper thread" daemon [_thread_blocked, id=22524, stack(0x000000ae55400000,0x000000ae55500000)]
  0x0000026926515800 JavaThread "Common-Cleaner" daemon [_thread_blocked, id=15892, stack(0x000000ae55500000,0x000000ae55600000)]
  0x00000269268aa000 JavaThread "Monitor Ctrl-Break" daemon [_thread_in_native, id=16900, stack(0x000000ae55600000,0x000000ae55700000)]
  0x00000269268ad000 JavaThread "Service Thread" daemon [_thread_blocked, id=10016, stack(0x000000ae55700000,0x000000ae55800000)]
  0x0000026926aba000 JavaThread "RMI TCP Accept-0" daemon [_thread_in_native, id=15528, stack(0x000000ae55800000,0x000000ae55900000)]
  0x0000026927812000 JavaThread "RMI TCP Connection(1)-192.168.56.1" daemon [_thread_in_native, id=18016, stack(0x000000ae55e00000,0x000000ae55f00000)]
  0x000002692788c800 JavaThread "RMI Scheduler(0)" daemon [_thread_blocked, id=3276, stack(0x000000ae55f00000,0x000000ae56000000)]
  0x0000026928492000 JavaThread "Catalina-utility-1" [_thread_blocked, id=15832, stack(0x000000ae55c00000,0x000000ae55d00000)]
  0x000002692813d000 JavaThread "Catalina-utility-2" [_thread_blocked, id=14188, stack(0x000000ae56000000,0x000000ae56100000)]
  0x000002692857a800 JavaThread "container-0" [_thread_blocked, id=15140, stack(0x000000ae56400000,0x000000ae56500000)]
  0x0000026928596000 JavaThread "mysql-cj-abandoned-connection-cleanup" daemon [_thread_blocked, id=12724, stack(0x000000ae56500000,0x000000ae56600000)]
  0x0000026929f58800 JavaThread "HikariPool-1 housekeeper" daemon [_thread_blocked, id=20728, stack(0x000000ae56900000,0x000000ae56a00000)]
  0x0000026929f42800 JavaThread "HikariPool-1 connection adder" daemon [_thread_blocked, id=21140, stack(0x000000ae56a00000,0x000000ae56b00000)]

Other Threads:
=>0x0000026925ade800 VMThread "VM Thread" [stack: 0x000000ae54e00000,0x000000ae54f00000] [id=22196]
  0x0000026926aa3800 WatcherThread [stack: 0x000000ae55900000,0x000000ae55a00000] [id=19848]
  0x000002690b445000 GCTaskThread "GC Thread#0" [stack: 0x000000ae54900000,0x000000ae54a00000] [id=19372]
  0x0000026926dac000 GCTaskThread "GC Thread#1" [stack: 0x000000ae55a00000,0x000000ae55b00000] [id=15520]
  0x0000026926dad000 GCTaskThread "GC Thread#2" [stack: 0x000000ae55b00000,0x000000ae55c00000] [id=3128]
  0x0000026926f01000 GCTaskThread "GC Thread#3" [stack: 0x000000ae55d00000,0x000000ae55e00000] [id=10352]
  0x0000026927ca4000 GCTaskThread "GC Thread#4" [stack: 0x000000ae56100000,0x000000ae56200000] [id=21920]
  0x0000026927ca5000 GCTaskThread "GC Thread#5" [stack: 0x000000ae56200000,0x000000ae56300000] [id=5644]
  0x0000026928596800 GCTaskThread "GC Thread#6" [stack: 0x000000ae56600000,0x000000ae56700000] [id=21284]
  0x00000269285e5800 GCTaskThread "GC Thread#7" [stack: 0x000000ae56700000,0x000000ae56800000] [id=20100]
  0x000002690938d000 ConcurrentGCThread "G1 Main Marker" [stack: 0x000000ae54a00000,0x000000ae54b00000] [id=2024]
  0x000002690938e000 ConcurrentGCThread "G1 Conc#0" [stack: 0x000000ae54b00000,0x000000ae54c00000] [id=6092]
  0x0000026927d10800 ConcurrentGCThread "G1 Conc#1" [stack: 0x000000ae56300000,0x000000ae56400000] [id=3228]
  0x0000026925974800 ConcurrentGCThread "G1 Refine#0" [stack: 0x000000ae54c00000,0x000000ae54d00000] [id=10192]
  0x0000026925975800 ConcurrentGCThread "G1 Young RemSet Sampling" [stack: 0x000000ae54d00000,0x000000ae54e00000] [id=13564]

Threads with active compile tasks:

VM state:at safepoint (normal execution)

VM Mutex/Monitor currently owned by a thread:  ([mutex/lock_event])
[0x000002690b42a8e0] Threads_lock - owner thread: 0x0000026925ade800
[0x000002690b429800] Heap_lock - owner thread: 0x000002690b42d000

Heap address: 0x0000000082600000, size: 2010 MB, Compressed Oops mode: 32-bit
Narrow klass base: 0x0000000800000000, Narrow klass shift: 3
Compressed class space size: 1073741824 Address: 0x0000000840000000

Heap:
 garbage-first heap   total 155648K, used 25454K [0x0000000082600000, 0x0000000100000000)
  region size 1024K, 12 young (12288K), 10 survivors (10240K)
 Metaspace       used 46352K, capacity 47681K, committed 47744K, reserved 1110016K
  class space    used 6234K, capacity 6761K, committed 6784K, reserved 1048576K
Heap Regions: E=young(eden), S=young(survivor), O=old, HS=humongous(starts), HC=humongous(continues), CS=collection set, F=free, A=archive, TAMS=top-at-mark-start (previous, next)
|   0|0x0000000082600000, 0x0000000082700000, 0x0000000082700000|100%|HS|  |TAMS 0x0000000082700000, 0x0000000082600000| Complete 
|   1|0x0000000082700000, 0x0000000082800000, 0x0000000082800000|100%| O|  |TAMS 0x0000000082800000, 0x0000000082700000| Updating 
|   2|0x0000000082800000, 0x0000000082900000, 0x0000000082900000|100%| O|  |TAMS 0x0000000082900000, 0x0000000082800000| Updating 
|   3|0x0000000082900000, 0x0000000082a00000, 0x0000000082a00000|100%| O|  |TAMS 0x0000000082a00000, 0x0000000082900000| Updating 
|   4|0x0000000082a00000, 0x0000000082b00000, 0x0000000082b00000|100%| O|  |TAMS 0x0000000082b00000, 0x0000000082a00000| Updating 
|   5|0x0000000082b00000, 0x0000000082c00000, 0x0000000082c00000|100%| O|  |TAMS 0x0000000082c00000, 0x0000000082b00000| Updating 
|   6|0x0000000082c00000, 0x0000000082d00000, 0x0000000082d00000|100%| O|  |TAMS 0x0000000082d00000, 0x0000000082c00000| Updating 
|   7|0x0000000082d00000, 0x0000000082e00000, 0x0000000082e00000|100%| O|  |TAMS 0x0000000082e00000, 0x0000000082d00000| Updating 
|   8|0x0000000082e00000, 0x0000000082f00000, 0x0000000082f00000|100%| O|  |TAMS 0x0000000082f00000, 0x0000000082e00000| Updating 
|   9|0x0000000082f00000, 0x0000000083000000, 0x0000000083000000|100%| O|  |TAMS 0x0000000083000000, 0x0000000082f00000| Updating 
|  10|0x0000000083000000, 0x0000000083100000, 0x0000000083100000|100%| O|  |TAMS 0x0000000083100000, 0x0000000083000000| Updating 
|  11|0x0000000083100000, 0x0000000083200000, 0x0000000083200000|100%| O|  |TAMS 0x0000000083200000, 0x0000000083100000| Updating 
|  12|0x0000000083200000, 0x0000000083300000, 0x0000000083300000|100%| O|  |TAMS 0x0000000083300000, 0x0000000083200000| Updating 
|  13|0x0000000083300000, 0x0000000083400000, 0x0000000083400000|100%| O|  |TAMS 0x0000000083400000, 0x0000000083300000| Updating 
|  14|0x0000000083400000, 0x0000000083488a00, 0x0000000083500000| 53%| O|  |TAMS 0x0000000083488a00, 0x0000000083400000| Updating 
|  15|0x0000000083500000, 0x0000000083500000, 0x0000000083600000|  0%| F|  |TAMS 0x0000000083500000, 0x0000000083500000| Untracked 
|  16|0x0000000083600000, 0x0000000083600000, 0x0000000083700000|  0%| F|  |TAMS 0x0000000083600000, 0x0000000083600000| Untracked 
|  17|0x0000000083700000, 0x0000000083700000, 0x0000000083800000|  0%| F|  |TAMS 0x0000000083700000, 0x0000000083700000| Untracked 
|  18|0x0000000083800000, 0x0000000083800000, 0x0000000083900000|  0%| F|  |TAMS 0x0000000083800000, 0x0000000083800000| Untracked 
|  19|0x0000000083900000, 0x0000000083900000, 0x0000000083a00000|  0%| F|  |TAMS 0x0000000083900000, 0x0000000083900000| Untracked 
|  20|0x0000000083a00000, 0x0000000083a00000, 0x0000000083b00000|  0%| F|  |TAMS 0x0000000083a00000, 0x0000000083a00000| Untracked 
|  21|0x0000000083b00000, 0x0000000083b00000, 0x0000000083c00000|  0%| F|  |TAMS 0x0000000083b00000, 0x0000000083b00000| Untracked 
|  22|0x0000000083c00000, 0x0000000083c00000, 0x0000000083d00000|  0%| F|  |TAMS 0x0000000083c00000, 0x0000000083c00000| Untracked 
|  23|0x0000000083d00000, 0x0000000083d00000, 0x0000000083e00000|  0%| F|  |TAMS 0x0000000083d00000, 0x0000000083d00000| Untracked 
|  24|0x0000000083e00000, 0x0000000083e00000, 0x0000000083f00000|  0%| F|  |TAMS 0x0000000083e00000, 0x0000000083e00000| Untracked 
|  25|0x0000000083f00000, 0x0000000083f00000, 0x0000000084000000|  0%| F|  |TAMS 0x0000000083f00000, 0x0000000083f00000| Untracked 
|  26|0x0000000084000000, 0x0000000084000000, 0x0000000084100000|  0%| F|  |TAMS 0x0000000084000000, 0x0000000084000000| Untracked 
|  27|0x0000000084100000, 0x0000000084100000, 0x0000000084200000|  0%| F|  |TAMS 0x0000000084100000, 0x0000000084100000| Untracked 
|  28|0x0000000084200000, 0x0000000084200000, 0x0000000084300000|  0%| F|  |TAMS 0x0000000084200000, 0x0000000084200000| Untracked 
|  29|0x0000000084300000, 0x0000000084300000, 0x0000000084400000|  0%| F|  |TAMS 0x0000000084300000, 0x0000000084300000| Untracked 
|  30|0x0000000084400000, 0x0000000084400000, 0x0000000084500000|  0%| F|  |TAMS 0x0000000084400000, 0x0000000084400000| Untracked 
|  31|0x0000000084500000, 0x0000000084500000, 0x0000000084600000|  0%| F|  |TAMS 0x0000000084500000, 0x0000000084500000| Untracked 
|  32|0x0000000084600000, 0x0000000084600000, 0x0000000084700000|  0%| F|  |TAMS 0x0000000084600000, 0x0000000084600000| Untracked 
|  33|0x0000000084700000, 0x0000000084700000, 0x0000000084800000|  0%| F|  |TAMS 0x0000000084700000, 0x0000000084700000| Untracked 
|  34|0x0000000084800000, 0x0000000084800000, 0x0000000084900000|  0%| F|  |TAMS 0x0000000084800000, 0x0000000084800000| Untracked 
|  35|0x0000000084900000, 0x0000000084900000, 0x0000000084a00000|  0%| F|  |TAMS 0x0000000084900000, 0x0000000084900000| Untracked 
|  36|0x0000000084a00000, 0x0000000084a00000, 0x0000000084b00000|  0%| F|  |TAMS 0x0000000084a00000, 0x0000000084a00000| Untracked 
|  37|0x0000000084b00000, 0x0000000084b00000, 0x0000000084c00000|  0%| F|  |TAMS 0x0000000084b00000, 0x0000000084b00000| Untracked 
|  38|0x0000000084c00000, 0x0000000084c00000, 0x0000000084d00000|  0%| F|  |TAMS 0x0000000084c00000, 0x0000000084c00000| Untracked 
|  39|0x0000000084d00000, 0x0000000084d00000, 0x0000000084e00000|  0%| F|  |TAMS 0x0000000084d00000, 0x0000000084d00000| Untracked 
|  40|0x0000000084e00000, 0x0000000084e00000, 0x0000000084f00000|  0%| F|  |TAMS 0x0000000084e00000, 0x0000000084e00000| Untracked 
|  41|0x0000000084f00000, 0x0000000084f00000, 0x0000000085000000|  0%| F|  |TAMS 0x0000000084f00000, 0x0000000084f00000| Untracked 
|  42|0x0000000085000000, 0x0000000085000000, 0x0000000085100000|  0%| F|  |TAMS 0x0000000085000000, 0x0000000085000000| Untracked 
|  43|0x0000000085100000, 0x0000000085100000, 0x0000000085200000|  0%| F|  |TAMS 0x0000000085100000, 0x0000000085100000| Untracked 
|  44|0x0000000085200000, 0x0000000085200000, 0x0000000085300000|  0%| F|  |TAMS 0x0000000085200000, 0x0000000085200000| Untracked 
|  45|0x0000000085300000, 0x0000000085300000, 0x0000000085400000|  0%| F|  |TAMS 0x0000000085300000, 0x0000000085300000| Untracked 
|  46|0x0000000085400000, 0x0000000085400000, 0x0000000085500000|  0%| F|  |TAMS 0x0000000085400000, 0x0000000085400000| Untracked 
|  47|0x0000000085500000, 0x0000000085500000, 0x0000000085600000|  0%| F|  |TAMS 0x0000000085500000, 0x0000000085500000| Untracked 
|  48|0x0000000085600000, 0x0000000085600000, 0x0000000085700000|  0%| F|  |TAMS 0x0000000085600000, 0x0000000085600000| Untracked 
|  49|0x0000000085700000, 0x0000000085700000, 0x0000000085800000|  0%| F|  |TAMS 0x0000000085700000, 0x0000000085700000| Untracked 
|  50|0x0000000085800000, 0x0000000085800000, 0x0000000085900000|  0%| F|  |TAMS 0x0000000085800000, 0x0000000085800000| Untracked 
|  51|0x0000000085900000, 0x0000000085900000, 0x0000000085a00000|  0%| F|  |TAMS 0x0000000085900000, 0x0000000085900000| Untracked 
|  52|0x0000000085a00000, 0x0000000085a00000, 0x0000000085b00000|  0%| F|  |TAMS 0x0000000085a00000, 0x0000000085a00000| Untracked 
|  53|0x0000000085b00000, 0x0000000085b00000, 0x0000000085c00000|  0%| F|  |TAMS 0x0000000085b00000, 0x0000000085b00000| Untracked 
|  54|0x0000000085c00000, 0x0000000085c00000, 0x0000000085d00000|  0%| F|  |TAMS 0x0000000085c00000, 0x0000000085c00000| Untracked 
|  55|0x0000000085d00000, 0x0000000085d00000, 0x0000000085e00000|  0%| F|  |TAMS 0x0000000085d00000, 0x0000000085d00000| Untracked 
|  56|0x0000000085e00000, 0x0000000085e00000, 0x0000000085f00000|  0%| F|  |TAMS 0x0000000085e00000, 0x0000000085e00000| Untracked 
|  57|0x0000000085f00000, 0x0000000085f00000, 0x0000000086000000|  0%| F|  |TAMS 0x0000000085f00000, 0x0000000085f00000| Untracked 
|  58|0x0000000086000000, 0x0000000086000000, 0x0000000086100000|  0%| F|  |TAMS 0x0000000086000000, 0x0000000086000000| Untracked 
|  59|0x0000000086100000, 0x0000000086100000, 0x0000000086200000|  0%| F|  |TAMS 0x0000000086100000, 0x0000000086100000| Untracked 
|  60|0x0000000086200000, 0x0000000086200000, 0x0000000086300000|  0%| F|  |TAMS 0x0000000086200000, 0x0000000086200000| Untracked 
|  61|0x0000000086300000, 0x0000000086300000, 0x0000000086400000|  0%| F|  |TAMS 0x0000000086300000, 0x0000000086300000| Untracked 
|  62|0x0000000086400000, 0x0000000086400000, 0x0000000086500000|  0%| F|  |TAMS 0x0000000086400000, 0x0000000086400000| Untracked 
|  63|0x0000000086500000, 0x0000000086500000, 0x0000000086600000|  0%| F|  |TAMS 0x0000000086500000, 0x0000000086500000| Untracked 
|  64|0x0000000086600000, 0x0000000086600000, 0x0000000086700000|  0%| F|  |TAMS 0x0000000086600000, 0x0000000086600000| Untracked 
|  65|0x0000000086700000, 0x0000000086700000, 0x0000000086800000|  0%| F|  |TAMS 0x0000000086700000, 0x0000000086700000| Untracked 
|  66|0x0000000086800000, 0x0000000086800000, 0x0000000086900000|  0%| F|  |TAMS 0x0000000086800000, 0x0000000086800000| Untracked 
|  67|0x0000000086900000, 0x0000000086900000, 0x0000000086a00000|  0%| F|  |TAMS 0x0000000086900000, 0x0000000086900000| Untracked 
|  68|0x0000000086a00000, 0x0000000086a00000, 0x0000000086b00000|  0%| F|  |TAMS 0x0000000086a00000, 0x0000000086a00000| Untracked 
|  69|0x0000000086b00000, 0x0000000086b00000, 0x0000000086c00000|  0%| F|  |TAMS 0x0000000086b00000, 0x0000000086b00000| Untracked 
|  70|0x0000000086c00000, 0x0000000086c00000, 0x0000000086d00000|  0%| F|  |TAMS 0x0000000086c00000, 0x0000000086c00000| Untracked 
|  71|0x0000000086d00000, 0x0000000086d00000, 0x0000000086e00000|  0%| F|  |TAMS 0x0000000086d00000, 0x0000000086d00000| Untracked 
|  72|0x0000000086e00000, 0x0000000086e00000, 0x0000000086f00000|  0%| F|  |TAMS 0x0000000086e00000, 0x0000000086e00000| Untracked 
|  73|0x0000000086f00000, 0x0000000086f00000, 0x0000000087000000|  0%| F|  |TAMS 0x0000000086f00000, 0x0000000086f00000| Untracked 
|  74|0x0000000087000000, 0x0000000087000000, 0x0000000087100000|  0%| F|  |TAMS 0x0000000087000000, 0x0000000087000000| Untracked 
|  75|0x0000000087100000, 0x0000000087152ff0, 0x0000000087200000| 32%| S|CS|TAMS 0x0000000087100000, 0x0000000087100000| Complete 
|  76|0x0000000087200000, 0x0000000087300000, 0x0000000087300000|100%| S|CS|TAMS 0x0000000087200000, 0x0000000087200000| Complete 
|  77|0x0000000087300000, 0x0000000087400000, 0x0000000087400000|100%| S|CS|TAMS 0x0000000087300000, 0x0000000087300000| Complete 
|  78|0x0000000087400000, 0x0000000087500000, 0x0000000087500000|100%| S|CS|TAMS 0x0000000087400000, 0x0000000087400000| Complete 
|  79|0x0000000087500000, 0x0000000087600000, 0x0000000087600000|100%| S|CS|TAMS 0x0000000087500000, 0x0000000087500000| Complete 
|  80|0x0000000087600000, 0x0000000087700000, 0x0000000087700000|100%| S|CS|TAMS 0x0000000087600000, 0x0000000087600000| Complete 
|  81|0x0000000087700000, 0x0000000087800000, 0x0000000087800000|100%| S|CS|TAMS 0x0000000087700000, 0x0000000087700000| Complete 
|  82|0x0000000087800000, 0x0000000087900000, 0x0000000087900000|100%| S|CS|TAMS 0x0000000087800000, 0x0000000087800000| Complete 
|  83|0x0000000087900000, 0x0000000087a00000, 0x0000000087a00000|100%| S|CS|TAMS 0x0000000087900000, 0x0000000087900000| Complete 
|  84|0x0000000087a00000, 0x0000000087b00000, 0x0000000087b00000|100%| S|CS|TAMS 0x0000000087a00000, 0x0000000087a00000| Complete 
|  85|0x0000000087b00000, 0x0000000087b00000, 0x0000000087c00000|  0%| F|  |TAMS 0x0000000087b00000, 0x0000000087b00000| Untracked 
|  86|0x0000000087c00000, 0x0000000087c00000, 0x0000000087d00000|  0%| F|  |TAMS 0x0000000087c00000, 0x0000000087c00000| Untracked 
|  87|0x0000000087d00000, 0x0000000087d00000, 0x0000000087e00000|  0%| F|  |TAMS 0x0000000087d00000, 0x0000000087d00000| Untracked 
|  88|0x0000000087e00000, 0x0000000087e00000, 0x0000000087f00000|  0%| F|  |TAMS 0x0000000087e00000, 0x0000000087e00000| Untracked 
|  89|0x0000000087f00000, 0x0000000087f00000, 0x0000000088000000|  0%| F|  |TAMS 0x0000000087f00000, 0x0000000087f00000| Untracked 
|  90|0x0000000088000000, 0x0000000088000000, 0x0000000088100000|  0%| F|  |TAMS 0x0000000088000000, 0x0000000088000000| Untracked 
|  91|0x0000000088100000, 0x0000000088100000, 0x0000000088200000|  0%| F|  |TAMS 0x0000000088100000, 0x0000000088100000| Untracked 
|  92|0x0000000088200000, 0x0000000088200000, 0x0000000088300000|  0%| F|  |TAMS 0x0000000088200000, 0x0000000088200000| Untracked 
|  93|0x0000000088300000, 0x0000000088300000, 0x0000000088400000|  0%| F|  |TAMS 0x0000000088300000, 0x0000000088300000| Untracked 
|  94|0x0000000088400000, 0x0000000088400000, 0x0000000088500000|  0%| F|  |TAMS 0x0000000088400000, 0x0000000088400000| Untracked 
|  95|0x0000000088500000, 0x0000000088500000, 0x0000000088600000|  0%| F|  |TAMS 0x0000000088500000, 0x0000000088500000| Untracked 
|  96|0x0000000088600000, 0x0000000088600000, 0x0000000088700000|  0%| F|  |TAMS 0x0000000088600000, 0x0000000088600000| Untracked 
|  97|0x0000000088700000, 0x0000000088700000, 0x0000000088800000|  0%| F|  |TAMS 0x0000000088700000, 0x0000000088700000| Untracked 
|  98|0x0000000088800000, 0x0000000088800000, 0x0000000088900000|  0%| F|  |TAMS 0x0000000088800000, 0x0000000088800000| Untracked 
|  99|0x0000000088900000, 0x0000000088900000, 0x0000000088a00000|  0%| F|  |TAMS 0x0000000088900000, 0x0000000088900000| Untracked 
| 100|0x0000000088a00000, 0x0000000088a00000, 0x0000000088b00000|  0%| F|  |TAMS 0x0000000088a00000, 0x0000000088a00000| Untracked 
| 101|0x0000000088b00000, 0x0000000088b00000, 0x0000000088c00000|  0%| F|  |TAMS 0x0000000088b00000, 0x0000000088b00000| Untracked 
| 102|0x0000000088c00000, 0x0000000088c00000, 0x0000000088d00000|  0%| F|  |TAMS 0x0000000088c00000, 0x0000000088c00000| Untracked 
| 103|0x0000000088d00000, 0x0000000088d00000, 0x0000000088e00000|  0%| F|  |TAMS 0x0000000088d00000, 0x0000000088d00000| Untracked 
| 104|0x0000000088e00000, 0x0000000088e00000, 0x0000000088f00000|  0%| F|  |TAMS 0x0000000088e00000, 0x0000000088e00000| Untracked 
| 105|0x0000000088f00000, 0x0000000088f00000, 0x0000000089000000|  0%| F|  |TAMS 0x0000000088f00000, 0x0000000088f00000| Untracked 
| 106|0x0000000089000000, 0x0000000089000000, 0x0000000089100000|  0%| F|  |TAMS 0x0000000089000000, 0x0000000089000000| Untracked 
| 107|0x0000000089100000, 0x0000000089100000, 0x0000000089200000|  0%| F|  |TAMS 0x0000000089100000, 0x0000000089100000| Untracked 
| 108|0x0000000089200000, 0x0000000089200000, 0x0000000089300000|  0%| F|  |TAMS 0x0000000089200000, 0x0000000089200000| Untracked 
| 109|0x0000000089300000, 0x0000000089300000, 0x0000000089400000|  0%| F|  |TAMS 0x0000000089300000, 0x0000000089300000| Untracked 
| 110|0x0000000089400000, 0x0000000089400000, 0x0000000089500000|  0%| F|  |TAMS 0x0000000089400000, 0x0000000089400000| Untracked 
| 111|0x0000000089500000, 0x0000000089500000, 0x0000000089600000|  0%| F|  |TAMS 0x0000000089500000, 0x0000000089500000| Untracked 
| 112|0x0000000089600000, 0x0000000089600000, 0x0000000089700000|  0%| F|  |TAMS 0x0000000089600000, 0x0000000089600000| Untracked 
| 113|0x0000000089700000, 0x0000000089700000, 0x0000000089800000|  0%| F|  |TAMS 0x0000000089700000, 0x0000000089700000| Untracked 
| 114|0x0000000089800000, 0x0000000089800000, 0x0000000089900000|  0%| F|  |TAMS 0x0000000089800000, 0x0000000089800000| Untracked 
| 115|0x0000000089900000, 0x0000000089900000, 0x0000000089a00000|  0%| F|  |TAMS 0x0000000089900000, 0x0000000089900000| Untracked 
| 116|0x0000000089a00000, 0x0000000089a00000, 0x0000000089b00000|  0%| F|  |TAMS 0x0000000089a00000, 0x0000000089a00000| Untracked 
| 117|0x0000000089b00000, 0x0000000089b00000, 0x0000000089c00000|  0%| F|  |TAMS 0x0000000089b00000, 0x0000000089b00000| Untracked 
| 118|0x0000000089c00000, 0x0000000089c00000, 0x0000000089d00000|  0%| F|  |TAMS 0x0000000089c00000, 0x0000000089c00000| Untracked 
| 119|0x0000000089d00000, 0x0000000089d00000, 0x0000000089e00000|  0%| F|  |TAMS 0x0000000089d00000, 0x0000000089d00000| Untracked 
| 120|0x0000000089e00000, 0x0000000089e00000, 0x0000000089f00000|  0%| F|  |TAMS 0x0000000089e00000, 0x0000000089e00000| Untracked 
| 121|0x0000000089f00000, 0x0000000089f00000, 0x000000008a000000|  0%| F|  |TAMS 0x0000000089f00000, 0x0000000089f00000| Untracked 
| 122|0x000000008a000000, 0x000000008a000000, 0x000000008a100000|  0%| F|  |TAMS 0x000000008a000000, 0x000000008a000000| Untracked 
| 123|0x000000008a100000, 0x000000008a100000, 0x000000008a200000|  0%| F|  |TAMS 0x000000008a100000, 0x000000008a100000| Untracked 
| 124|0x000000008a200000, 0x000000008a200000, 0x000000008a300000|  0%| F|  |TAMS 0x000000008a200000, 0x000000008a200000| Untracked 
| 125|0x000000008a300000, 0x000000008a300000, 0x000000008a400000|  0%| F|  |TAMS 0x000000008a300000, 0x000000008a300000| Untracked 
| 126|0x000000008a400000, 0x000000008a400000, 0x000000008a500000|  0%| F|  |TAMS 0x000000008a400000, 0x000000008a400000| Untracked 
| 127|0x000000008a500000, 0x000000008a500000, 0x000000008a600000|  0%| F|  |TAMS 0x000000008a500000, 0x000000008a500000| Untracked 
| 128|0x000000008a600000, 0x000000008a600000, 0x000000008a700000|  0%| F|  |TAMS 0x000000008a600000, 0x000000008a600000| Untracked 
| 129|0x000000008a700000, 0x000000008a700000, 0x000000008a800000|  0%| F|  |TAMS 0x000000008a700000, 0x000000008a700000| Untracked 
| 130|0x000000008a800000, 0x000000008a800000, 0x000000008a900000|  0%| F|  |TAMS 0x000000008a800000, 0x000000008a800000| Untracked 
| 131|0x000000008a900000, 0x000000008a900000, 0x000000008aa00000|  0%| F|  |TAMS 0x000000008a900000, 0x000000008a900000| Untracked 
| 132|0x000000008aa00000, 0x000000008aa00000, 0x000000008ab00000|  0%| F|  |TAMS 0x000000008aa00000, 0x000000008aa00000| Untracked 
| 133|0x000000008ab00000, 0x000000008ab00000, 0x000000008ac00000|  0%| F|  |TAMS 0x000000008ab00000, 0x000000008ab00000| Untracked 
| 134|0x000000008ac00000, 0x000000008ac00000, 0x000000008ad00000|  0%| F|  |TAMS 0x000000008ac00000, 0x000000008ac00000| Untracked 
| 135|0x000000008ad00000, 0x000000008ad00000, 0x000000008ae00000|  0%| F|  |TAMS 0x000000008ad00000, 0x000000008ad00000| Untracked 
| 136|0x000000008ae00000, 0x000000008ae00000, 0x000000008af00000|  0%| F|  |TAMS 0x000000008ae00000, 0x000000008ae00000| Untracked 
| 137|0x000000008af00000, 0x000000008af00000, 0x000000008b000000|  0%| F|  |TAMS 0x000000008af00000, 0x000000008af00000| Untracked 
| 138|0x000000008b000000, 0x000000008b000000, 0x000000008b100000|  0%| F|  |TAMS 0x000000008b000000, 0x000000008b000000| Untracked 
| 139|0x000000008b100000, 0x000000008b100000, 0x000000008b200000|  0%| F|  |TAMS 0x000000008b100000, 0x000000008b100000| Untracked 
| 140|0x000000008b200000, 0x000000008b200000, 0x000000008b300000|  0%| F|  |TAMS 0x000000008b200000, 0x000000008b200000| Untracked 
| 141|0x000000008b300000, 0x000000008b300000, 0x000000008b400000|  0%| F|  |TAMS 0x000000008b300000, 0x000000008b300000| Untracked 
| 142|0x000000008b400000, 0x000000008b400000, 0x000000008b500000|  0%| F|  |TAMS 0x000000008b400000, 0x000000008b400000| Untracked 
| 143|0x000000008b500000, 0x000000008b500000, 0x000000008b600000|  0%| F|  |TAMS 0x000000008b500000, 0x000000008b500000| Untracked 
| 144|0x000000008b600000, 0x000000008b600000, 0x000000008b700000|  0%| F|  |TAMS 0x000000008b600000, 0x000000008b600000| Untracked 
| 145|0x000000008b700000, 0x000000008b700000, 0x000000008b800000|  0%| F|  |TAMS 0x000000008b700000, 0x000000008b700000| Untracked 
| 146|0x000000008b800000, 0x000000008b800000, 0x000000008b900000|  0%| F|  |TAMS 0x000000008b800000, 0x000000008b800000| Untracked 
| 147|0x000000008b900000, 0x000000008b900000, 0x000000008ba00000|  0%| F|  |TAMS 0x000000008b900000, 0x000000008b900000| Untracked 
| 148|0x000000008ba00000, 0x000000008ba00000, 0x000000008bb00000|  0%| F|  |TAMS 0x000000008ba00000, 0x000000008ba00000| Untracked 
| 149|0x000000008bb00000, 0x000000008bb00000, 0x000000008bc00000|  0%| F|  |TAMS 0x000000008bb00000, 0x000000008bb00000| Untracked 
| 150|0x000000008bc00000, 0x000000008bc80800, 0x000000008bd00000| 50%| E|  |TAMS 0x000000008bc00000, 0x000000008bc00000| Complete 
| 151|0x000000008bd00000, 0x000000008be00000, 0x000000008be00000|100%| E|CS|TAMS 0x000000008bd00000, 0x000000008bd00000| Complete 

Card table byte_map: [0x000002691e9f0000,0x000002691ede0000] _byte_map_base: 0x000002691e5dd000

Marking Bits (Prev, Next): (CMBitMap*) 0x000002690938c7e0, (CMBitMap*) 0x000002690938c7a8
 Prev Bits: [0x0000026921140000, 0x00000269230a8000)
 Next Bits: [0x000002691f1d0000, 0x0000026921138000)

Polling page: 0x000002690abe0000

Metaspace:

Usage:
  Non-class:     39.96 MB capacity,    39.18 MB ( 98%) used,   647.62 KB (  2%) free+waste,   154.50 KB ( <1%) overhead. 
      Class:      6.60 MB capacity,     6.09 MB ( 92%) used,   450.05 KB (  7%) free+waste,    76.25 KB (  1%) overhead. 
       Both:     46.56 MB capacity,    45.27 MB ( 97%) used,     1.07 MB (  2%) free+waste,   230.75 KB ( <1%) overhead. 

Virtual space:
  Non-class space:       60.00 MB reserved,      40.00 MB ( 67%) committed 
      Class space:        1.00 GB reserved,       6.63 MB ( <1%) committed 
             Both:        1.06 GB reserved,      46.63 MB (  4%) committed 

Chunk freelists:
   Non-Class:  40.00 KB
       Class:  23.00 KB
        Both:  63.00 KB

CodeHeap 'non-profiled nmethods': size=238336Kb used=8206Kb max_used=8206Kb free=230129Kb
 bounds [0x000002690fa10000, 0x0000026910220000, 0x000002691e2d0000]
CodeHeap 'non-nmethods': size=7424Kb used=1276Kb max_used=1276Kb free=6148Kb
 bounds [0x000002690f2d0000, 0x000002690f540000, 0x000002690fa10000]
 total_blobs=5494 nmethods=4822 adapters=570
 compilation: enabled
              stopped_count=0, restarted_count=0
 full_count=0

Compilation events (10 events):
Event: 3.770 Thread 0x0000026925b08800 4829       1       java.lang.PublicMethods$Key::equals (52 bytes)
Event: 3.770 Thread 0x0000026925b08800 nmethod 4829 0x0000026910212090 code [0x0000026910212260, 0x00000269102124d0]
Event: 3.781 Thread 0x0000026925b08800 4830       1       java.lang.Throwable::<init> (39 bytes)
Event: 3.781 Thread 0x0000026925b08800 nmethod 4830 0x0000026910212590 code [0x0000026910212760, 0x0000026910212ad0]
Event: 3.785 Thread 0x0000026925b08800 4831       1       sun.reflect.annotation.AnnotationParser::contains (36 bytes)
Event: 3.785 Thread 0x0000026925b08800 nmethod 4831 0x0000026910212b90 code [0x0000026910212d40, 0x0000026910212e98]
Event: 3.787 Thread 0x0000026925b08800 4832       1       java.lang.Thread::getContextClassLoader (32 bytes)
Event: 3.787 Thread 0x0000026925b08800 nmethod 4832 0x0000026910212f90 code [0x0000026910213160, 0x0000026910213400]
Event: 3.788 Thread 0x0000026925b08800 4833       1       jdk.internal.reflect.ConstantPool::getIntAt (10 bytes)
Event: 3.788 Thread 0x0000026925b08800 nmethod 4833 0x0000026910213590 code [0x0000026910213740, 0x00000269102138b0]

GC Heap History (10 events):
Event: 1.608 GC heap before
{Heap before GC invocations=3 (full 0):
 garbage-first heap   total 129024K, used 60751K [0x0000000082600000, 0x0000000100000000)
  region size 1024K, 54 young (55296K), 4 survivors (4096K)
 Metaspace       used 20464K, capacity 21198K, committed 21248K, reserved 1067008K
  class space    used 2714K, capacity 3035K, committed 3072K, reserved 1048576K
}
Event: 1.612 GC heap after
{Heap after GC invocations=4 (full 0):
 garbage-first heap   total 129024K, used 12591K [0x0000000082600000, 0x0000000100000000)
  region size 1024K, 5 young (5120K), 5 survivors (5120K)
 Metaspace       used 20464K, capacity 21198K, committed 21248K, reserved 1067008K
  class space    used 2714K, capacity 3035K, committed 3072K, reserved 1048576K
}
Event: 2.104 GC heap before
{Heap before GC invocations=5 (full 0):
 garbage-first heap   total 129024K, used 75055K [0x0000000082600000, 0x0000000100000000)
  region size 1024K, 67 young (68608K), 5 survivors (5120K)
 Metaspace       used 26448K, capacity 27395K, committed 27520K, reserved 1073152K
  class space    used 3563K, capacity 3923K, committed 3968K, reserved 1048576K
}
Event: 2.111 GC heap after
{Heap after GC invocations=6 (full 0):
 garbage-first heap   total 129024K, used 15945K [0x0000000082600000, 0x0000000100000000)
  region size 1024K, 8 young (8192K), 8 survivors (8192K)
 Metaspace       used 26448K, capacity 27395K, committed 27520K, reserved 1073152K
  class space    used 3563K, capacity 3923K, committed 3968K, reserved 1048576K
}
Event: 2.778 GC heap before
{Heap before GC invocations=6 (full 0):
 garbage-first heap   total 129024K, used 83529K [0x0000000082600000, 0x0000000100000000)
  region size 1024K, 75 young (76800K), 8 survivors (8192K)
 Metaspace       used 32841K, capacity 33992K, committed 34176K, reserved 1079296K
  class space    used 4438K, capacity 4894K, committed 4992K, reserved 1048576K
}
Event: 2.789 GC heap after
{Heap after GC invocations=7 (full 0):
 garbage-first heap   total 155648K, used 18524K [0x0000000082600000, 0x0000000100000000)
  region size 1024K, 7 young (7168K), 7 survivors (7168K)
 Metaspace       used 32841K, capacity 33992K, committed 34176K, reserved 1079296K
  class space    used 4438K, capacity 4894K, committed 4992K, reserved 1048576K
}
Event: 3.010 GC heap before
{Heap before GC invocations=7 (full 0):
 garbage-first heap   total 155648K, used 62556K [0x0000000082600000, 0x0000000100000000)
  region size 1024K, 52 young (53248K), 7 survivors (7168K)
 Metaspace       used 34399K, capacity 35622K, committed 35840K, reserved 1079296K
  class space    used 4627K, capacity 5119K, committed 5120K, reserved 1048576K
}
Event: 3.015 GC heap after
{Heap after GC invocations=8 (full 0):
 garbage-first heap   total 155648K, used 19706K [0x0000000082600000, 0x0000000100000000)
  region size 1024K, 8 young (8192K), 8 survivors (8192K)
 Metaspace       used 34399K, capacity 35622K, committed 35840K, reserved 1079296K
  class space    used 4627K, capacity 5119K, committed 5120K, reserved 1048576K
}
Event: 3.798 GC heap before
{Heap before GC invocations=9 (full 0):
 garbage-first heap   total 155648K, used 78074K [0x0000000082600000, 0x0000000100000000)
  region size 1024K, 67 young (68608K), 8 survivors (8192K)
 Metaspace       used 46064K, capacity 47393K, committed 47488K, reserved 1097728K
  class space    used 6202K, capacity 6729K, committed 6784K, reserved 1048576K
}
Event: 3.807 GC heap after
{Heap after GC invocations=10 (full 0):
 garbage-first heap   total 155648K, used 24430K [0x0000000082600000, 0x0000000100000000)
  region size 1024K, 10 young (10240K), 10 survivors (10240K)
 Metaspace       used 46064K, capacity 47393K, committed 47488K, reserved 1097728K
  class space    used 6202K, capacity 6729K, committed 6784K, reserved 1048576K
}

Deoptimization events (4 events):
Event: 1.464 Thread 0x0000026926bf1000 DEOPT PACKING pc=0x000002690fcd6da4 sp=0x000000ae55cf5c40
Event: 1.464 Thread 0x0000026926bf1000 DEOPT UNPACKING pc=0x000002690f2f904e sp=0x000000ae55cf5158 mode 0
Event: 1.890 Thread 0x000002690b42d000 DEOPT PACKING pc=0x000002690fd75bb4 sp=0x000000ae548fd6c0
Event: 1.890 Thread 0x000002690b42d000 DEOPT UNPACKING pc=0x000002690f2f904e sp=0x000000ae548fcc28 mode 0

Classes redefined (0 events):
No events

Internal exceptions (10 events):
Event: 2.963 Thread 0x000002690b42d000 Implicit null exception at 0x000002690fdf440d to 0x000002690fdf474f
Event: 2.963 Thread 0x000002690b42d000 Exception <a 'java/lang/NullPointerException'{0x00000000895c17b0}> (0x00000000895c17b0) thrown at [c:/BuildAgent/work/5ff2f6c26000d570/src/hotspot/share/runtime/sharedRuntime.cpp, line 584]
Event: 2.963 Thread 0x000002690b42d000 Implicit null exception at 0x000002690fdf440d to 0x000002690fdf474f
Event: 2.963 Thread 0x000002690b42d000 Exception <a 'java/lang/NullPointerException'{0x00000000895c25f8}> (0x00000000895c25f8) thrown at [c:/BuildAgent/work/5ff2f6c26000d570/src/hotspot/share/runtime/sharedRuntime.cpp, line 584]
Event: 2.963 Thread 0x000002690b42d000 Implicit null exception at 0x000002690fdf440d to 0x000002690fdf474f
Event: 2.963 Thread 0x000002690b42d000 Exception <a 'java/lang/NullPointerException'{0x00000000895c3440}> (0x00000000895c3440) thrown at [c:/BuildAgent/work/5ff2f6c26000d570/src/hotspot/share/runtime/sharedRuntime.cpp, line 584]
Event: 3.176 Thread 0x000002690b42d000 Exception <a 'java/lang/NoSuchMethodError'{0x000000008b16c9e8}: 'int java.lang.invoke.DirectMethodHandle$Holder.invokeStaticInit(java.lang.Object, java.lang.Object, java.lang.Object, java.lang.Object)'> (0x000000008b16c9e8) thrown at [c:/BuildAgent/work/5
Event: 3.183 Thread 0x000002690b42d000 Exception <a 'sun/nio/fs/WindowsException'{0x000000008b1a3988}> (0x000000008b1a3988) thrown at [c:/BuildAgent/work/5ff2f6c26000d570/src/hotspot/share/prims/jni.cpp, line 615]
Event: 3.330 Thread 0x000002690b42d000 Exception <a 'java/lang/NoSuchMethodError'{0x000000008abd0f00}: 'java.lang.Object java.lang.invoke.DirectMethodHandle$Holder.invokeStaticInit(java.lang.Object, java.lang.Object, java.lang.Object, java.lang.Object)'> (0x000000008abd0f00) thrown at [c:/Buil
Event: 3.398 Thread 0x0000026927812000 Exception <a 'java/lang/reflect/InvocationTargetException'{0x000000008a58d440}> (0x000000008a58d440) thrown at [c:/BuildAgent/work/5ff2f6c26000d570/src/hotspot/share/runtime/reflection.cpp, line 1246]

Events (10 events):
Event: 3.823 loading class org/hibernate/internal/CoreMessageLogger_$logger_pl done
Event: 3.824 loading class org/hibernate/mapping/Column
Event: 3.824 loading class org/hibernate/mapping/Column done
Event: 3.824 loading class org/hibernate/mapping/Selectable
Event: 3.824 loading class org/hibernate/mapping/Selectable done
Event: 3.825 Executing VM operation: CGC_Operation
Event: 3.828 Executing VM operation: CGC_Operation done
Event: 3.828 Executing VM operation: CollectForMetadataAllocation
Event: 3.828 Executing VM operation: CollectForMetadataAllocation done
Event: 3.828 Executing VM operation: CollectForMetadataAllocation


Dynamic libraries:
0x00007ff6ee180000 - 0x00007ff6ee1c7000 	C:\Program Files\JetBrains\IntelliJ IDEA 2019.3\jbr\bin\java.exe
0x00007ff96f780000 - 0x00007ff96f970000 	C:\WINDOWS\SYSTEM32\ntdll.dll
0x00007ff96e740000 - 0x00007ff96e7f2000 	C:\WINDOWS\System32\KERNEL32.DLL
0x00007ff96c780000 - 0x00007ff96ca25000 	C:\WINDOWS\System32\KERNELBASE.dll
0x00007ff96db30000 - 0x00007ff96dcc4000 	C:\WINDOWS\System32\USER32.dll
0x00007ff96d3b0000 - 0x00007ff96d3d1000 	C:\WINDOWS\System32\win32u.dll
0x00007ff96d900000 - 0x00007ff96d926000 	C:\WINDOWS\System32\GDI32.dll
0x00007ff96d4e0000 - 0x00007ff96d676000 	C:\WINDOWS\System32\gdi32full.dll
0x00007ff96d1c0000 - 0x00007ff96d25e000 	C:\WINDOWS\System32\msvcp_win.dll
0x00007ff96d730000 - 0x00007ff96d82a000 	C:\WINDOWS\System32\ucrtbase.dll
0x00007ff959830000 - 0x00007ff959ab4000 	C:\WINDOWS\WinSxS\amd64_microsoft.windows.common-controls_6595b64144ccf1df_6.0.18362.1198_none_9e820b57e45ad92f\COMCTL32.dll
0x00007ff96df50000 - 0x00007ff96dfee000 	C:\WINDOWS\System32\msvcrt.dll
0x00007ff96ea30000 - 0x00007ff96ed65000 	C:\WINDOWS\System32\combase.dll
0x00007ff96dcd0000 - 0x00007ff96ddf0000 	C:\WINDOWS\System32\RPCRT4.dll
0x00007ff96c700000 - 0x00007ff96c780000 	C:\WINDOWS\System32\bcryptPrimitives.dll
0x00007ff96f710000 - 0x00007ff96f73e000 	C:\WINDOWS\System32\IMM32.DLL
0x00007ff940ac0000 - 0x00007ff940ad7000 	C:\Program Files\JetBrains\IntelliJ IDEA 2019.3\jbr\bin\vcruntime140.dll
0x00007ff9330f0000 - 0x00007ff93318d000 	C:\Program Files\JetBrains\IntelliJ IDEA 2019.3\jbr\bin\msvcp140.dll
0x00007ff902570000 - 0x00007ff903028000 	C:\Program Files\JetBrains\IntelliJ IDEA 2019.3\jbr\bin\server\jvm.dll
0x00007ff96da80000 - 0x00007ff96db23000 	C:\WINDOWS\System32\ADVAPI32.dll
0x00007ff96f670000 - 0x00007ff96f707000 	C:\WINDOWS\System32\sechost.dll
0x00007ff96e870000 - 0x00007ff96e878000 	C:\WINDOWS\System32\PSAPI.DLL
0x00007ff96a020000 - 0x00007ff96a044000 	C:\WINDOWS\SYSTEM32\WINMM.dll
0x00007ff94d7b0000 - 0x00007ff94d7b9000 	C:\WINDOWS\SYSTEM32\WSOCK32.dll
0x00007ff96e800000 - 0x00007ff96e86f000 	C:\WINDOWS\System32\WS2_32.dll
0x00007ff963ca0000 - 0x00007ff963caa000 	C:\WINDOWS\SYSTEM32\VERSION.dll
0x00007ff969ff0000 - 0x00007ff96a01d000 	C:\WINDOWS\SYSTEM32\WINMMBASE.dll
0x00007ff96d680000 - 0x00007ff96d6ca000 	C:\WINDOWS\System32\cfgmgr32.dll
0x00007ff96c640000 - 0x00007ff96c651000 	C:\WINDOWS\System32\kernel.appcore.dll
0x00007ff94f670000 - 0x00007ff94f681000 	C:\Program Files\JetBrains\IntelliJ IDEA 2019.3\jbr\bin\verify.dll
0x00007ff96a3b0000 - 0x00007ff96a5a4000 	C:\WINDOWS\SYSTEM32\DBGHELP.DLL
0x00007ff95a010000 - 0x00007ff95a03a000 	C:\WINDOWS\SYSTEM32\dbgcore.DLL
0x00007ff9453c0000 - 0x00007ff9453e9000 	C:\Program Files\JetBrains\IntelliJ IDEA 2019.3\jbr\bin\java.dll
0x00007ff93cfc0000 - 0x00007ff93cff4000 	C:\Program Files\JetBrains\IntelliJ IDEA 2019.3\jbr\bin\instrument.dll
0x00007ff9496b0000 - 0x00007ff9496c7000 	C:\Program Files\JetBrains\IntelliJ IDEA 2019.3\jbr\bin\zip.dll
0x00007ff94f640000 - 0x00007ff94f64b000 	C:\Program Files\JetBrains\IntelliJ IDEA 2019.3\jbr\bin\jimage.dll
0x00007ff96dff0000 - 0x00007ff96e6d7000 	C:\WINDOWS\System32\SHELL32.dll
0x00007ff96ee30000 - 0x00007ff96eed9000 	C:\WINDOWS\System32\shcore.dll
0x00007ff96ca30000 - 0x00007ff96d1b1000 	C:\WINDOWS\System32\windows.storage.dll
0x00007ff96c6d0000 - 0x00007ff96c6f3000 	C:\WINDOWS\System32\profapi.dll
0x00007ff96c680000 - 0x00007ff96c6ca000 	C:\WINDOWS\System32\powrprof.dll
0x00007ff96c630000 - 0x00007ff96c640000 	C:\WINDOWS\System32\UMPDC.dll
0x00007ff96e6e0000 - 0x00007ff96e732000 	C:\WINDOWS\System32\shlwapi.dll
0x00007ff96d410000 - 0x00007ff96d427000 	C:\WINDOWS\System32\cryptsp.dll
0x00007ff946c30000 - 0x00007ff946c4a000 	C:\Program Files\JetBrains\IntelliJ IDEA 2019.3\jbr\bin\net.dll
0x00007ff95cca0000 - 0x00007ff95ce76000 	C:\WINDOWS\SYSTEM32\urlmon.dll
0x00007ff966cc0000 - 0x00007ff966db0000 	C:\WINDOWS\SYSTEM32\WINHTTP.dll
0x00007ff95ce80000 - 0x00007ff95d127000 	C:\WINDOWS\SYSTEM32\iertutil.dll
0x00007ff96c050000 - 0x00007ff96c05c000 	C:\WINDOWS\SYSTEM32\CRYPTBASE.DLL
0x00007ff96be80000 - 0x00007ff96bee7000 	C:\WINDOWS\system32\mswsock.dll
0x00007ff9453a0000 - 0x00007ff9453b4000 	C:\Program Files\JetBrains\IntelliJ IDEA 2019.3\jbr\bin\nio.dll
0x00007ff945330000 - 0x00007ff94534a000 	C:\Program Files\JetBrains\IntelliJ IDEA 2019.3\bin\breakgen64.dll
0x00007ff96bbd0000 - 0x00007ff96bc9b000 	C:\WINDOWS\SYSTEM32\DNSAPI.dll
0x00007ff96ef50000 - 0x00007ff96ef58000 	C:\WINDOWS\System32\NSI.dll
0x00007ff96bb90000 - 0x00007ff96bbca000 	C:\WINDOWS\SYSTEM32\IPHLPAPI.DLL
0x00007ff9639b0000 - 0x00007ff9639ba000 	C:\Windows\System32\rasadhlp.dll
0x00007ff95d970000 - 0x00007ff95d9e7000 	C:\WINDOWS\System32\fwpuclnt.dll
0x00007ff96d3e0000 - 0x00007ff96d406000 	C:\WINDOWS\System32\bcrypt.dll
0x00007ff94f220000 - 0x00007ff94f22a000 	C:\Program Files\JetBrains\IntelliJ IDEA 2019.3\jbr\bin\management.dll
0x00007ff94d7c0000 - 0x00007ff94d7cc000 	C:\Program Files\JetBrains\IntelliJ IDEA 2019.3\jbr\bin\management_ext.dll
0x00007ff96b9f0000 - 0x00007ff96ba23000 	C:\WINDOWS\system32\rsaenh.dll
0x00007ff96c510000 - 0x00007ff96c535000 	C:\WINDOWS\SYSTEM32\USERENV.dll
0x00007ff95e080000 - 0x00007ff95e096000 	C:\WINDOWS\SYSTEM32\dhcpcsvc6.DLL
0x00007ff95e060000 - 0x00007ff95e07c000 	C:\WINDOWS\SYSTEM32\dhcpcsvc.DLL
0x00007ff9456f0000 - 0x00007ff945706000 	C:\WINDOWS\system32\napinsp.dll
0x00007ff9456d0000 - 0x00007ff9456ea000 	C:\WINDOWS\system32\pnrpnsp.dll
0x00007ff9456c0000 - 0x00007ff9456ce000 	C:\WINDOWS\System32\winrnr.dll
0x00007ff9687b0000 - 0x00007ff9687cc000 	C:\WINDOWS\system32\NLAapi.dll
0x00007ff967d30000 - 0x00007ff967d45000 	C:\WINDOWS\system32\wshbth.dll
0x00007ff952860000 - 0x00007ff952888000 	C:\Program Files\JetBrains\IntelliJ IDEA 2019.3\jbr\bin\sunec.dll

dbghelp: loaded successfully - version: 4.0.5 - missing functions: none
symbol engine: initialized successfully - sym options: 0x614 - pdb path: .;C:\Program Files\JetBrains\IntelliJ IDEA 2019.3\jbr\bin;C:\WINDOWS\SYSTEM32;C:\WINDOWS\WinSxS\amd64_microsoft.windows.common-controls_6595b64144ccf1df_6.0.18362.1198_none_9e820b57e45ad92f;C:\Program Files\JetBrains\IntelliJ IDEA 2019.3\jbr\bin\server;C:\Program Files\JetBrains\IntelliJ IDEA 2019.3\bin

VM Arguments:
jvm_args: -XX:TieredStopAtLevel=1 -Xverify:none -Dspring.output.ansi.enabled=always -Dcom.sun.management.jmxremote -Dspring.jmx.enabled=true -Dspring.liveBeansView.mbeanDomain -Dspring.application.admin.enabled=true -javaagent:C:\Program Files\JetBrains\IntelliJ IDEA 2019.3\lib\idea_rt.jar=53431:C:\Program Files\JetBrains\IntelliJ IDEA 2019.3\bin -Dfile.encoding=UTF-8 
java_command: edu.agh.iet.BSc_Thesis.SecureCommunicatorApplicationKt
java_class_path (initial): D:\Studia\Informatyka\Inzynierka\backend\build\classes\kotlin\main;D:\Studia\Informatyka\Inzynierka\backend\build\resources\main;C:\Users\jakub\.gradle\caches\modules-2\files-2.1\org.springframework.boot\spring-boot-starter-data-jpa\2.2.6.RELEASE\e6bfecf4694867d815514799ea23a937c623f496\spring-boot-starter-data-jpa-2.2.6.RELEASE.jar;C:\Users\jakub\.gradle\caches\modules-2\files-2.1\org.springframework.boot\spring-boot-starter-security\2.2.6.RELEASE\27b75e738d353de4475df6751852bacf3832afec\spring-boot-starter-security-2.2.6.RELEASE.jar;C:\Users\jakub\.gradle\caches\modules-2\files-2.1\org.springframework.boot\spring-boot-starter-web\2.2.6.RELEASE\4f76853c40cd6c7a0214083b36cd8cfe7c5d7b48\spring-boot-starter-web-2.2.6.RELEASE.jar;C:\Users\jakub\.gradle\caches\modules-2\files-2.1\com.fasterxml.jackson.module\jackson-module-kotlin\2.10.3\d6908a6c5a0ceef2b907eeae9a31fdcdd534fb19\jackson-module-kotlin-2.10.3.jar;C:\Users\jakub\.gradle\caches\modules-2\files-2.1\org.jetbrains.kotlin\kotlin-reflect\1.3.71\fca74670d8e6906a3241b3cf3732409ca77b2508\kotlin-reflect-1.3.71.jar;C:\Users\jakub\.gradle\caches\modules-2\files-2.1\org.jetbrains.kotlin\kotlin-stdlib-jdk8\1.3.71\4defc79915cf4f78b49bbc4a8f1e80e87767a5b\kotlin-stdlib-jdk8-1.3.71.jar;C:\Users\jakub\.gradle\caches\modules-2\files-2.1\org.hibernate\hibernate-core\5.4.14.Final\8adc899b3c6721fa4d5ab48512b46c359fb69e42\hibernate-core-5.4.14.Final.jar;C:\Users\jakub\.gradle\caches\modules-2\files-2.1\io.jsonwebtoken\jjwt\0.9.1\54d2abfc3e63a28824d35bf600d6a5d627da681a\jjwt-0.9.1.jar;C:\Users\jakub\.gradle\caches\modules-2\files-2.1\org.springframework.boot\spring-boot-starter-aop\2.2.6.RELEASE\fc76ce1ca3725c25355703de2ff1015d6b8c80b6\spring-boot-starter-aop-2.2.6.RELEASE.jar;C:\Users\jakub\.gradle\caches\modules-2\files-2.1\org.springframework.boot\spring-boot-starter-jdbc\2.2.6.RELEASE\ca8051a3df9eb7355728f1caf22891eec97b9b92\spring-boot-starter-jdbc-2.2.6.RELEASE.jar;C:\Users\jakub\.gradle\caches\mod
Launcher Type: SUN_STANDARD

[Global flags]
     bool BytecodeVerificationLocal                = false                                     {product} {command line}
     bool BytecodeVerificationRemote               = false                                     {product} {command line}
     intx CICompilerCount                          = 4                                         {product} {ergonomic}
     uint ConcGCThreads                            = 2                                         {product} {ergonomic}
     uint G1ConcRefinementThreads                  = 8                                         {product} {ergonomic}
   size_t G1HeapRegionSize                         = 1048576                                   {product} {ergonomic}
    uintx GCDrainStackTargetSize                   = 64                                        {product} {ergonomic}
   size_t InitialHeapSize                          = 132120576                                 {product} {ergonomic}
     bool ManagementServer                         = true                                      {product} {command line}
   size_t MarkStackSize                            = 4194304                                   {product} {ergonomic}
   size_t MaxHeapSize                              = 2107637760                                {product} {ergonomic}
   size_t MaxNewSize                               = 1264582656                                {product} {ergonomic}
   size_t MinHeapDeltaBytes                        = 1048576                                   {product} {ergonomic}
    uintx NonNMethodCodeHeapSize                   = 7549744                                {pd product} {ergonomic}
    uintx NonProfiledCodeHeapSize                  = 244108496                              {pd product} {ergonomic}
    uintx ProfiledCodeHeapSize                     = 0                                      {pd product} {ergonomic}
    uintx ReservedCodeCacheSize                    = 251658240                              {pd product} {ergonomic}
     bool SegmentedCodeCache                       = true                                      {product} {ergonomic}
     intx TieredStopAtLevel                        = 1                                         {product} {command line}
     bool UseCompressedClassPointers               = true                                 {lp64_product} {ergonomic}
     bool UseCompressedOops                        = true                                 {lp64_product} {ergonomic}
     bool UseG1GC                                  = true                                      {product} {ergonomic}
     bool UseLargePagesIndividualAllocation        = false                                  {pd product} {ergonomic}

Logging:
Log output configuration:
 #0: stdout all=warning uptime,level,tags
 #1: stderr all=off uptime,level,tags

Environment Variables:
JAVA_HOME=C:\Program Files\Java\jdk-13
PATH=C:\Program Files\Java\jdk-13\bin;C:\Program Files (x86)\Common Files\Oracle\Java\javapath;C:\Windows\system32;C:\Windows;C:\Windows\System32\Wbem;C:\Windows\System32\WindowsPowerShell\v1.0\;C:\Windows\System32\OpenSSH\;C:\Program Files (x86)\NVIDIA Corporation\PhysX\Common;C:\Program Files\Intel\WiFi\bin\;C:\Program Files\Common Files\Intel\WirelessCommon\;C:\Program Files\nodejs\;C:\Program Files\erl10.3\bin;C:\Program Files (x86)\Elixir\bin;C:\WINDOWS\system32\config\systemprofile\.mix\escripts;C:\Program Files\Git\cmd;C:\WINDOWS\system32;C:\WINDOWS;C:\WINDOWS\System32\Wbem;C:\WINDOWS\System32\WindowsPowerShell\v1.0\;C:\WINDOWS\System32\OpenSSH\;C:\Program Files\ZeroC\Ice-3.7.3\bin;C:\Program Files\glpk-4.65\w64;C:\Program Files\proto_grpc\bin\;C:\Program Files (x86)\IVI Foundation\VISA\WinNT\Bin;C:\Program Files (x86)\Yarn\bin\;C:\Program Files\MySQL\MySQL Shell 8.0\bin\;C:\Program Files\Python\Python38\Scripts\;C:\Program Files\Python\Python38\;C:\Users\jakub\AppData\Local\Microsoft\WindowsApps;C:\Users\jakub\AppData\Local\Programs\Microsoft VS Code\bin;C:\Program Files\erl10.3\bin;C:\Program Files\JetBrains\IntelliJ IDEA 2019.3\bin;;C:\Program Files\JetBrains\IntelliJ IDEA Community Edition 2019.1.1\bin;;C:\Users\jakub\AppData\Roaming\npm;C:\Program Files (x86)\Elixir\bin;C:\Program Files\JetBrains\DataGrip 2019.2.5\bin;;C:\Users\jakub\AppData\Local\Yarn\bin
USERNAME=jakub
OS=Windows_NT
PROCESSOR_IDENTIFIER=Intel64 Family 6 Model 142 Stepping 11, GenuineIntel



---------------  S Y S T E M  ---------------

OS: Windows 10 , 64 bit Build 18362 (10.0.18362.1110)

CPU:total 8 (initial active 8) (4 cores per cpu, 2 threads per core) family 6 model 142 stepping 11, cmov, cx8, fxsr, mmx, sse, sse2, sse3, ssse3, sse4.1, sse4.2, popcnt, avx, avx2, aes, clmul, erms, 3dnowpref, lzcnt, ht, tsc, tscinvbit, bmi1, bmi2, adx, fma

Memory: 4k page, system-wide physical 8037M (452M free)
TotalPageFile size 18200M (AvailPageFile size 0M)
current process WorkingSet (physical memory assigned to process): 248M, peak: 248M
current process commit charge ("private bytes"): 308M, peak: 309M

vm_info: OpenJDK 64-Bit Server VM (11.0.4+10-b520.11) for windows-amd64 JRE (11.0.4+10-b520.11), built on Nov 16 2019 04:35:14 by "" with MS VC++ 14.0 (VS2015)

END.
